2018-07-22 11:45:21 INFO  ImageTask:54 - Kopie von: C:\Users\Stefan\OneDrive - BRG Frauengasse\Dokumente\MyWorkStuff\ImageScale\_Bilder\DSC01029.JPG
2018-07-22 11:45:21 INFO  ImageTask:61 - Datei gelesen: C:\Users\Stefan\OneDrive - BRG Frauengasse\Dokumente\MyWorkStuff\ImageScale\_Bilder\DSC01029.JPG
2018-07-22 11:45:21 INFO  ImageTask:78 - 240022 Byte -> 240022 Byte
2018-07-22 11:45:21 INFO  ImageTask:82 - Kopie von: C:\Users\Stefan\OneDrive - BRG Frauengasse\Dokumente\MyWorkStuff\ImageScale\_Bilder\DSC01029.JPG
2018-07-22 11:45:21 INFO  ImageTask:87 - Datei gelesen: C:\Users\Stefan\OneDrive - BRG Frauengasse\Dokumente\MyWorkStuff\ImageScale\_Bilder\_thumbs\DSC01029.JPG
2018-07-22 11:45:21 INFO  ImageTask:95 - Umgerechnet zu JPG
2018-07-22 11:45:21 INFO  ImageTask:54 - Kopie von: C:\Users\Stefan\OneDrive - BRG Frauengasse\Dokumente\MyWorkStuff\ImageScale\_Bilder\DSC01031.JPG
2018-07-22 11:45:21 INFO  ImageTask:61 - Datei gelesen: C:\Users\Stefan\OneDrive - BRG Frauengasse\Dokumente\MyWorkStuff\ImageScale\_Bilder\DSC01031.JPG
2018-07-22 11:45:21 INFO  ImageTask:78 - 264110 Byte -> 264110 Byte
2018-07-22 11:45:21 INFO  ImageTask:82 - Kopie von: C:\Users\Stefan\OneDrive - BRG Frauengasse\Dokumente\MyWorkStuff\ImageScale\_Bilder\DSC01031.JPG
2018-07-22 11:45:21 INFO  ImageTask:87 - Datei gelesen: C:\Users\Stefan\OneDrive - BRG Frauengasse\Dokumente\MyWorkStuff\ImageScale\_Bilder\_thumbs\DSC01031.JPG
2018-07-22 11:45:21 INFO  ImageTask:95 - Umgerechnet zu JPG
2018-07-22 11:45:21 INFO  ImageTask:54 - Kopie von: C:\Users\Stefan\OneDrive - BRG Frauengasse\Dokumente\MyWorkStuff\ImageScale\_Bilder\DSC01033.JPG
2018-07-22 11:45:21 INFO  ImageTask:61 - Datei gelesen: C:\Users\Stefan\OneDrive - BRG Frauengasse\Dokumente\MyWorkStuff\ImageScale\_Bilder\DSC01033.JPG
2018-07-22 11:45:21 INFO  ImageTask:78 - 309587 Byte -> 309587 Byte
2018-07-22 11:45:21 INFO  ImageTask:82 - Kopie von: C:\Users\Stefan\OneDrive - BRG Frauengasse\Dokumente\MyWorkStuff\ImageScale\_Bilder\DSC01033.JPG
2018-07-22 11:45:21 INFO  ImageTask:87 - Datei gelesen: C:\Users\Stefan\OneDrive - BRG Frauengasse\Dokumente\MyWorkStuff\ImageScale\_Bilder\_thumbs\DSC01033.JPG
2018-07-22 11:45:22 INFO  ImageTask:95 - Umgerechnet zu JPG
2018-07-22 11:45:22 INFO  ImageTask:54 - Kopie von: C:\Users\Stefan\OneDrive - BRG Frauengasse\Dokumente\MyWorkStuff\ImageScale\_Bilder\DSC01034.JPG
2018-07-22 11:45:22 INFO  ImageTask:61 - Datei gelesen: C:\Users\Stefan\OneDrive - BRG Frauengasse\Dokumente\MyWorkStuff\ImageScale\_Bilder\DSC01034.JPG
2018-07-22 11:45:22 INFO  ImageTask:78 - 213333 Byte -> 213333 Byte
2018-07-22 11:45:22 INFO  ImageTask:82 - Kopie von: C:\Users\Stefan\OneDrive - BRG Frauengasse\Dokumente\MyWorkStuff\ImageScale\_Bilder\DSC01034.JPG
2018-07-22 11:45:22 INFO  ImageTask:87 - Datei gelesen: C:\Users\Stefan\OneDrive - BRG Frauengasse\Dokumente\MyWorkStuff\ImageScale\_Bilder\_thumbs\DSC01034.JPG
2018-07-22 11:45:22 INFO  ImageTask:95 - Umgerechnet zu JPG
2018-07-22 11:45:22 INFO  ImageTask:54 - Kopie von: C:\Users\Stefan\OneDrive - BRG Frauengasse\Dokumente\MyWorkStuff\ImageScale\_Bilder\DSC01037.JPG
2018-07-22 11:45:22 INFO  ImageTask:61 - Datei gelesen: C:\Users\Stefan\OneDrive - BRG Frauengasse\Dokumente\MyWorkStuff\ImageScale\_Bilder\DSC01037.JPG
2018-07-22 11:45:22 INFO  ImageTask:78 - 240037 Byte -> 240037 Byte
2018-07-22 11:45:22 INFO  ImageTask:82 - Kopie von: C:\Users\Stefan\OneDrive - BRG Frauengasse\Dokumente\MyWorkStuff\ImageScale\_Bilder\DSC01037.JPG
2018-07-22 11:45:22 INFO  ImageTask:87 - Datei gelesen: C:\Users\Stefan\OneDrive - BRG Frauengasse\Dokumente\MyWorkStuff\ImageScale\_Bilder\_thumbs\DSC01037.JPG
2018-07-22 11:45:22 INFO  ImageTask:95 - Umgerechnet zu JPG
2018-07-22 11:45:22 INFO  ImageTask:54 - Kopie von: C:\Users\Stefan\OneDrive - BRG Frauengasse\Dokumente\MyWorkStuff\ImageScale\_Bilder\DSC01039.JPG
2018-07-22 11:45:22 INFO  ImageTask:61 - Datei gelesen: C:\Users\Stefan\OneDrive - BRG Frauengasse\Dokumente\MyWorkStuff\ImageScale\_Bilder\DSC01039.JPG
2018-07-22 11:45:22 INFO  ImageTask:78 - 173188 Byte -> 173188 Byte
2018-07-22 11:45:22 INFO  ImageTask:82 - Kopie von: C:\Users\Stefan\OneDrive - BRG Frauengasse\Dokumente\MyWorkStuff\ImageScale\_Bilder\DSC01039.JPG
2018-07-22 11:45:22 INFO  ImageTask:87 - Datei gelesen: C:\Users\Stefan\OneDrive - BRG Frauengasse\Dokumente\MyWorkStuff\ImageScale\_Bilder\_thumbs\DSC01039.JPG
2018-07-22 11:45:22 INFO  ImageTask:95 - Umgerechnet zu JPG
2018-07-22 11:45:22 INFO  ImageTask:54 - Kopie von: C:\Users\Stefan\OneDrive - BRG Frauengasse\Dokumente\MyWorkStuff\ImageScale\_Bilder\DSC01040.JPG
2018-07-22 11:45:22 INFO  ImageTask:61 - Datei gelesen: C:\Users\Stefan\OneDrive - BRG Frauengasse\Dokumente\MyWorkStuff\ImageScale\_Bilder\DSC01040.JPG
2018-07-22 11:45:22 INFO  ImageTask:78 - 182178 Byte -> 182178 Byte
2018-07-22 11:45:22 INFO  ImageTask:82 - Kopie von: C:\Users\Stefan\OneDrive - BRG Frauengasse\Dokumente\MyWorkStuff\ImageScale\_Bilder\DSC01040.JPG
2018-07-22 11:45:23 INFO  ImageTask:87 - Datei gelesen: C:\Users\Stefan\OneDrive - BRG Frauengasse\Dokumente\MyWorkStuff\ImageScale\_Bilder\_thumbs\DSC01040.JPG
2018-07-22 11:45:23 INFO  ImageTask:95 - Umgerechnet zu JPG
2018-07-22 11:45:23 INFO  ImageTask:54 - Kopie von: C:\Users\Stefan\OneDrive - BRG Frauengasse\Dokumente\MyWorkStuff\ImageScale\_Bilder\DSC01042.JPG
2018-07-22 11:45:23 INFO  ImageTask:61 - Datei gelesen: C:\Users\Stefan\OneDrive - BRG Frauengasse\Dokumente\MyWorkStuff\ImageScale\_Bilder\DSC01042.JPG
2018-07-22 11:45:23 INFO  ImageTask:78 - 218746 Byte -> 218746 Byte
2018-07-22 11:45:23 INFO  ImageTask:82 - Kopie von: C:\Users\Stefan\OneDrive - BRG Frauengasse\Dokumente\MyWorkStuff\ImageScale\_Bilder\DSC01042.JPG
2018-07-22 11:45:23 INFO  ImageTask:87 - Datei gelesen: C:\Users\Stefan\OneDrive - BRG Frauengasse\Dokumente\MyWorkStuff\ImageScale\_Bilder\_thumbs\DSC01042.JPG
2018-07-22 11:45:23 INFO  ImageTask:95 - Umgerechnet zu JPG
2018-07-22 11:45:23 INFO  ImageTask:54 - Kopie von: C:\Users\Stefan\OneDrive - BRG Frauengasse\Dokumente\MyWorkStuff\ImageScale\_Bilder\DSC01046.JPG
2018-07-22 11:45:23 INFO  ImageTask:61 - Datei gelesen: C:\Users\Stefan\OneDrive - BRG Frauengasse\Dokumente\MyWorkStuff\ImageScale\_Bilder\DSC01046.JPG
2018-07-22 11:45:23 INFO  ImageTask:78 - 191724 Byte -> 191724 Byte
2018-07-22 11:45:23 INFO  ImageTask:82 - Kopie von: C:\Users\Stefan\OneDrive - BRG Frauengasse\Dokumente\MyWorkStuff\ImageScale\_Bilder\DSC01046.JPG
2018-07-22 11:45:23 INFO  ImageTask:87 - Datei gelesen: C:\Users\Stefan\OneDrive - BRG Frauengasse\Dokumente\MyWorkStuff\ImageScale\_Bilder\_thumbs\DSC01046.JPG
2018-07-22 11:45:23 INFO  ImageTask:95 - Umgerechnet zu JPG
2018-07-22 11:45:23 INFO  ImageTask:54 - Kopie von: C:\Users\Stefan\OneDrive - BRG Frauengasse\Dokumente\MyWorkStuff\ImageScale\_Bilder\DSC01051.JPG
2018-07-22 11:45:23 INFO  ImageTask:61 - Datei gelesen: C:\Users\Stefan\OneDrive - BRG Frauengasse\Dokumente\MyWorkStuff\ImageScale\_Bilder\DSC01051.JPG
2018-07-22 11:45:23 INFO  ImageTask:78 - 247548 Byte -> 247548 Byte
2018-07-22 11:45:23 INFO  ImageTask:82 - Kopie von: C:\Users\Stefan\OneDrive - BRG Frauengasse\Dokumente\MyWorkStuff\ImageScale\_Bilder\DSC01051.JPG
2018-07-22 11:45:23 INFO  ImageTask:87 - Datei gelesen: C:\Users\Stefan\OneDrive - BRG Frauengasse\Dokumente\MyWorkStuff\ImageScale\_Bilder\_thumbs\DSC01051.JPG
2018-07-22 11:45:23 INFO  ImageTask:95 - Umgerechnet zu JPG
2018-07-22 11:45:23 INFO  ImageTask:54 - Kopie von: C:\Users\Stefan\OneDrive - BRG Frauengasse\Dokumente\MyWorkStuff\ImageScale\_Bilder\DSC01053.JPG
2018-07-22 11:45:23 INFO  ImageTask:61 - Datei gelesen: C:\Users\Stefan\OneDrive - BRG Frauengasse\Dokumente\MyWorkStuff\ImageScale\_Bilder\DSC01053.JPG
2018-07-22 11:45:23 INFO  ImageTask:78 - 225020 Byte -> 225020 Byte
2018-07-22 11:45:23 INFO  ImageTask:82 - Kopie von: C:\Users\Stefan\OneDrive - BRG Frauengasse\Dokumente\MyWorkStuff\ImageScale\_Bilder\DSC01053.JPG
2018-07-22 11:45:23 INFO  ImageTask:87 - Datei gelesen: C:\Users\Stefan\OneDrive - BRG Frauengasse\Dokumente\MyWorkStuff\ImageScale\_Bilder\_thumbs\DSC01053.JPG
2018-07-22 11:45:24 INFO  ImageTask:95 - Umgerechnet zu JPG
2018-07-22 11:45:24 INFO  ImageTask:54 - Kopie von: C:\Users\Stefan\OneDrive - BRG Frauengasse\Dokumente\MyWorkStuff\ImageScale\_Bilder\DSC01056.JPG
2018-07-22 11:45:24 INFO  ImageTask:61 - Datei gelesen: C:\Users\Stefan\OneDrive - BRG Frauengasse\Dokumente\MyWorkStuff\ImageScale\_Bilder\DSC01056.JPG
2018-07-22 11:45:24 INFO  ImageTask:78 - 337057 Byte -> 337057 Byte
2018-07-22 11:45:24 INFO  ImageTask:82 - Kopie von: C:\Users\Stefan\OneDrive - BRG Frauengasse\Dokumente\MyWorkStuff\ImageScale\_Bilder\DSC01056.JPG
2018-07-22 11:45:24 INFO  ImageTask:87 - Datei gelesen: C:\Users\Stefan\OneDrive - BRG Frauengasse\Dokumente\MyWorkStuff\ImageScale\_Bilder\_thumbs\DSC01056.JPG
2018-07-22 11:45:24 INFO  ImageTask:95 - Umgerechnet zu JPG
2018-07-22 11:45:24 INFO  ImageTask:54 - Kopie von: C:\Users\Stefan\OneDrive - BRG Frauengasse\Dokumente\MyWorkStuff\ImageScale\_Bilder\DSC01062.JPG
2018-07-22 11:45:24 INFO  ImageTask:61 - Datei gelesen: C:\Users\Stefan\OneDrive - BRG Frauengasse\Dokumente\MyWorkStuff\ImageScale\_Bilder\DSC01062.JPG
2018-07-22 11:45:24 INFO  ImageTask:78 - 214289 Byte -> 214289 Byte
2018-07-22 11:45:24 INFO  ImageTask:82 - Kopie von: C:\Users\Stefan\OneDrive - BRG Frauengasse\Dokumente\MyWorkStuff\ImageScale\_Bilder\DSC01062.JPG
2018-07-22 11:45:24 INFO  ImageTask:87 - Datei gelesen: C:\Users\Stefan\OneDrive - BRG Frauengasse\Dokumente\MyWorkStuff\ImageScale\_Bilder\_thumbs\DSC01062.JPG
2018-07-22 11:45:24 INFO  ImageTask:95 - Umgerechnet zu JPG
2018-07-22 11:45:24 INFO  ImageTask:54 - Kopie von: C:\Users\Stefan\OneDrive - BRG Frauengasse\Dokumente\MyWorkStuff\ImageScale\_Bilder\DSC01063.JPG
2018-07-22 11:45:24 INFO  ImageTask:61 - Datei gelesen: C:\Users\Stefan\OneDrive - BRG Frauengasse\Dokumente\MyWorkStuff\ImageScale\_Bilder\DSC01063.JPG
2018-07-22 11:45:24 INFO  ImageTask:78 - 250232 Byte -> 250232 Byte
2018-07-22 11:45:24 INFO  ImageTask:82 - Kopie von: C:\Users\Stefan\OneDrive - BRG Frauengasse\Dokumente\MyWorkStuff\ImageScale\_Bilder\DSC01063.JPG
2018-07-22 11:45:24 INFO  MainWindowController:204 - Alle Tasks fertig
2018-07-22 11:45:24 INFO  ImageTask:87 - Datei gelesen: C:\Users\Stefan\OneDrive - BRG Frauengasse\Dokumente\MyWorkStuff\ImageScale\_Bilder\_thumbs\DSC01063.JPG
2018-07-22 11:45:25 INFO  ImageTask:95 - Umgerechnet zu JPG
2018-07-22 11:45:25 INFO  ImageTask:54 - Kopie von: C:\Users\Stefan\OneDrive - BRG Frauengasse\Dokumente\MyWorkStuff\ImageScale\_Bilder\DSC01064.JPG
2018-07-22 11:45:25 INFO  ImageTask:61 - Datei gelesen: C:\Users\Stefan\OneDrive - BRG Frauengasse\Dokumente\MyWorkStuff\ImageScale\_Bilder\DSC01064.JPG
2018-07-22 11:45:25 INFO  ImageTask:78 - 288987 Byte -> 288987 Byte
2018-07-22 11:45:25 INFO  ImageTask:82 - Kopie von: C:\Users\Stefan\OneDrive - BRG Frauengasse\Dokumente\MyWorkStuff\ImageScale\_Bilder\DSC01064.JPG
2018-07-22 11:45:25 INFO  ImageTask:87 - Datei gelesen: C:\Users\Stefan\OneDrive - BRG Frauengasse\Dokumente\MyWorkStuff\ImageScale\_Bilder\_thumbs\DSC01064.JPG
2018-07-22 11:45:25 INFO  ImageTask:95 - Umgerechnet zu JPG
2018-07-22 11:45:25 INFO  ImageTask:54 - Kopie von: C:\Users\Stefan\OneDrive - BRG Frauengasse\Dokumente\MyWorkStuff\ImageScale\_Bilder\DSC01066.JPG
2018-07-22 11:45:25 INFO  ImageTask:61 - Datei gelesen: C:\Users\Stefan\OneDrive - BRG Frauengasse\Dokumente\MyWorkStuff\ImageScale\_Bilder\DSC01066.JPG
2018-07-22 11:45:25 INFO  ImageTask:78 - 335090 Byte -> 335090 Byte
2018-07-22 11:45:25 INFO  ImageTask:82 - Kopie von: C:\Users\Stefan\OneDrive - BRG Frauengasse\Dokumente\MyWorkStuff\ImageScale\_Bilder\DSC01066.JPG
2018-07-22 11:45:25 INFO  ImageTask:87 - Datei gelesen: C:\Users\Stefan\OneDrive - BRG Frauengasse\Dokumente\MyWorkStuff\ImageScale\_Bilder\_thumbs\DSC01066.JPG
2018-07-22 11:45:25 INFO  ImageTask:95 - Umgerechnet zu JPG
2018-07-22 11:45:25 INFO  ImageTask:54 - Kopie von: C:\Users\Stefan\OneDrive - BRG Frauengasse\Dokumente\MyWorkStuff\ImageScale\_Bilder\DSC01067.JPG
2018-07-22 11:45:25 INFO  ImageTask:61 - Datei gelesen: C:\Users\Stefan\OneDrive - BRG Frauengasse\Dokumente\MyWorkStuff\ImageScale\_Bilder\DSC01067.JPG
2018-07-22 11:45:25 INFO  ImageTask:78 - 336008 Byte -> 336008 Byte
2018-07-22 11:45:25 INFO  ImageTask:82 - Kopie von: C:\Users\Stefan\OneDrive - BRG Frauengasse\Dokumente\MyWorkStuff\ImageScale\_Bilder\DSC01067.JPG
2018-07-22 11:45:25 INFO  ImageTask:87 - Datei gelesen: C:\Users\Stefan\OneDrive - BRG Frauengasse\Dokumente\MyWorkStuff\ImageScale\_Bilder\_thumbs\DSC01067.JPG
2018-07-22 11:45:25 INFO  ImageTask:95 - Umgerechnet zu JPG
2018-07-22 11:45:25 INFO  ImageTask:54 - Kopie von: C:\Users\Stefan\OneDrive - BRG Frauengasse\Dokumente\MyWorkStuff\ImageScale\_Bilder\DSC01069.JPG
2018-07-22 11:45:25 INFO  ImageTask:61 - Datei gelesen: C:\Users\Stefan\OneDrive - BRG Frauengasse\Dokumente\MyWorkStuff\ImageScale\_Bilder\DSC01069.JPG
2018-07-22 11:45:25 INFO  ImageTask:78 - 338690 Byte -> 338690 Byte
2018-07-22 11:45:25 INFO  ImageTask:82 - Kopie von: C:\Users\Stefan\OneDrive - BRG Frauengasse\Dokumente\MyWorkStuff\ImageScale\_Bilder\DSC01069.JPG
2018-07-22 11:45:25 INFO  ImageTask:87 - Datei gelesen: C:\Users\Stefan\OneDrive - BRG Frauengasse\Dokumente\MyWorkStuff\ImageScale\_Bilder\_thumbs\DSC01069.JPG
2018-07-22 11:45:25 INFO  ImageTask:95 - Umgerechnet zu JPG
2018-07-22 11:45:25 INFO  ImageTask:54 - Kopie von: C:\Users\Stefan\OneDrive - BRG Frauengasse\Dokumente\MyWorkStuff\ImageScale\_Bilder\DSC01071.JPG
2018-07-22 11:45:25 INFO  ImageTask:61 - Datei gelesen: C:\Users\Stefan\OneDrive - BRG Frauengasse\Dokumente\MyWorkStuff\ImageScale\_Bilder\DSC01071.JPG
2018-07-22 11:45:25 INFO  ImageTask:78 - 317898 Byte -> 317898 Byte
2018-07-22 11:45:25 INFO  ImageTask:82 - Kopie von: C:\Users\Stefan\OneDrive - BRG Frauengasse\Dokumente\MyWorkStuff\ImageScale\_Bilder\DSC01071.JPG
2018-07-22 11:45:25 INFO  ImageTask:87 - Datei gelesen: C:\Users\Stefan\OneDrive - BRG Frauengasse\Dokumente\MyWorkStuff\ImageScale\_Bilder\_thumbs\DSC01071.JPG
2018-07-22 11:45:25 INFO  ImageTask:95 - Umgerechnet zu JPG
2018-07-22 11:45:25 INFO  ImageTask:54 - Kopie von: C:\Users\Stefan\OneDrive - BRG Frauengasse\Dokumente\MyWorkStuff\ImageScale\_Bilder\DSC01074.JPG
2018-07-22 11:45:26 INFO  ImageTask:61 - Datei gelesen: C:\Users\Stefan\OneDrive - BRG Frauengasse\Dokumente\MyWorkStuff\ImageScale\_Bilder\DSC01074.JPG
2018-07-22 11:45:26 INFO  ImageTask:78 - 300913 Byte -> 300913 Byte
2018-07-22 11:45:26 INFO  ImageTask:82 - Kopie von: C:\Users\Stefan\OneDrive - BRG Frauengasse\Dokumente\MyWorkStuff\ImageScale\_Bilder\DSC01074.JPG
2018-07-22 11:45:26 INFO  ImageTask:87 - Datei gelesen: C:\Users\Stefan\OneDrive - BRG Frauengasse\Dokumente\MyWorkStuff\ImageScale\_Bilder\_thumbs\DSC01074.JPG
2018-07-22 11:45:26 INFO  ImageTask:95 - Umgerechnet zu JPG
2018-07-22 11:45:26 INFO  ImageTask:54 - Kopie von: C:\Users\Stefan\OneDrive - BRG Frauengasse\Dokumente\MyWorkStuff\ImageScale\_Bilder\DSC01075.JPG
2018-07-22 11:45:26 INFO  ImageTask:61 - Datei gelesen: C:\Users\Stefan\OneDrive - BRG Frauengasse\Dokumente\MyWorkStuff\ImageScale\_Bilder\DSC01075.JPG
2018-07-22 11:45:26 INFO  ImageTask:78 - 280371 Byte -> 280371 Byte
2018-07-22 11:45:26 INFO  ImageTask:82 - Kopie von: C:\Users\Stefan\OneDrive - BRG Frauengasse\Dokumente\MyWorkStuff\ImageScale\_Bilder\DSC01075.JPG
2018-07-22 11:45:26 INFO  ImageTask:87 - Datei gelesen: C:\Users\Stefan\OneDrive - BRG Frauengasse\Dokumente\MyWorkStuff\ImageScale\_Bilder\_thumbs\DSC01075.JPG
2018-07-22 11:45:26 INFO  ImageTask:95 - Umgerechnet zu JPG
2018-07-22 11:45:26 INFO  ImageTask:54 - Kopie von: C:\Users\Stefan\OneDrive - BRG Frauengasse\Dokumente\MyWorkStuff\ImageScale\_Bilder\DSC01081.JPG
2018-07-22 11:45:26 INFO  ImageTask:61 - Datei gelesen: C:\Users\Stefan\OneDrive - BRG Frauengasse\Dokumente\MyWorkStuff\ImageScale\_Bilder\DSC01081.JPG
2018-07-22 11:45:26 INFO  ImageTask:78 - 290246 Byte -> 290246 Byte
2018-07-22 11:45:26 INFO  ImageTask:82 - Kopie von: C:\Users\Stefan\OneDrive - BRG Frauengasse\Dokumente\MyWorkStuff\ImageScale\_Bilder\DSC01081.JPG
2018-07-22 11:45:26 INFO  ImageTask:87 - Datei gelesen: C:\Users\Stefan\OneDrive - BRG Frauengasse\Dokumente\MyWorkStuff\ImageScale\_Bilder\_thumbs\DSC01081.JPG
2018-07-22 11:45:26 INFO  ImageTask:95 - Umgerechnet zu JPG
2018-07-22 11:45:26 INFO  ImageTask:54 - Kopie von: C:\Users\Stefan\OneDrive - BRG Frauengasse\Dokumente\MyWorkStuff\ImageScale\_Bilder\DSC01084.JPG
2018-07-22 11:45:26 INFO  ImageTask:61 - Datei gelesen: C:\Users\Stefan\OneDrive - BRG Frauengasse\Dokumente\MyWorkStuff\ImageScale\_Bilder\DSC01084.JPG
2018-07-22 11:45:26 INFO  ImageTask:78 - 272514 Byte -> 272514 Byte
2018-07-22 11:45:26 INFO  ImageTask:82 - Kopie von: C:\Users\Stefan\OneDrive - BRG Frauengasse\Dokumente\MyWorkStuff\ImageScale\_Bilder\DSC01084.JPG
2018-07-22 11:45:26 INFO  ImageTask:87 - Datei gelesen: C:\Users\Stefan\OneDrive - BRG Frauengasse\Dokumente\MyWorkStuff\ImageScale\_Bilder\_thumbs\DSC01084.JPG
2018-07-22 11:45:26 INFO  ImageTask:95 - Umgerechnet zu JPG
2018-07-22 11:45:26 INFO  ImageTask:54 - Kopie von: C:\Users\Stefan\OneDrive - BRG Frauengasse\Dokumente\MyWorkStuff\ImageScale\_Bilder\DSC01103.JPG
2018-07-22 11:45:26 INFO  ImageTask:61 - Datei gelesen: C:\Users\Stefan\OneDrive - BRG Frauengasse\Dokumente\MyWorkStuff\ImageScale\_Bilder\DSC01103.JPG
2018-07-22 11:45:26 INFO  ImageTask:78 - 297858 Byte -> 297858 Byte
2018-07-22 11:45:26 INFO  ImageTask:82 - Kopie von: C:\Users\Stefan\OneDrive - BRG Frauengasse\Dokumente\MyWorkStuff\ImageScale\_Bilder\DSC01103.JPG
2018-07-22 11:45:26 INFO  ImageTask:87 - Datei gelesen: C:\Users\Stefan\OneDrive - BRG Frauengasse\Dokumente\MyWorkStuff\ImageScale\_Bilder\_thumbs\DSC01103.JPG
2018-07-22 11:45:27 INFO  ImageTask:95 - Umgerechnet zu JPG
2018-07-22 11:45:27 INFO  ImageTask:54 - Kopie von: C:\Users\Stefan\OneDrive - BRG Frauengasse\Dokumente\MyWorkStuff\ImageScale\_Bilder\DSC01113.JPG
2018-07-22 11:45:27 INFO  ImageTask:61 - Datei gelesen: C:\Users\Stefan\OneDrive - BRG Frauengasse\Dokumente\MyWorkStuff\ImageScale\_Bilder\DSC01113.JPG
2018-07-22 11:45:27 INFO  ImageTask:78 - 242921 Byte -> 242921 Byte
2018-07-22 11:45:27 INFO  ImageTask:82 - Kopie von: C:\Users\Stefan\OneDrive - BRG Frauengasse\Dokumente\MyWorkStuff\ImageScale\_Bilder\DSC01113.JPG
2018-07-22 11:45:27 INFO  ImageTask:87 - Datei gelesen: C:\Users\Stefan\OneDrive - BRG Frauengasse\Dokumente\MyWorkStuff\ImageScale\_Bilder\_thumbs\DSC01113.JPG
2018-07-22 11:45:27 INFO  ImageTask:95 - Umgerechnet zu JPG
2018-07-22 11:45:27 INFO  ImageTask:54 - Kopie von: C:\Users\Stefan\OneDrive - BRG Frauengasse\Dokumente\MyWorkStuff\ImageScale\_Bilder\DSC01114.JPG
2018-07-22 11:45:27 INFO  ImageTask:61 - Datei gelesen: C:\Users\Stefan\OneDrive - BRG Frauengasse\Dokumente\MyWorkStuff\ImageScale\_Bilder\DSC01114.JPG
2018-07-22 11:45:27 INFO  ImageTask:78 - 224021 Byte -> 224021 Byte
2018-07-22 11:45:27 INFO  ImageTask:82 - Kopie von: C:\Users\Stefan\OneDrive - BRG Frauengasse\Dokumente\MyWorkStuff\ImageScale\_Bilder\DSC01114.JPG
2018-07-22 11:45:27 INFO  ImageTask:87 - Datei gelesen: C:\Users\Stefan\OneDrive - BRG Frauengasse\Dokumente\MyWorkStuff\ImageScale\_Bilder\_thumbs\DSC01114.JPG
2018-07-22 11:45:27 INFO  ImageTask:95 - Umgerechnet zu JPG
2018-07-22 11:45:27 INFO  ImageTask:54 - Kopie von: C:\Users\Stefan\OneDrive - BRG Frauengasse\Dokumente\MyWorkStuff\ImageScale\_Bilder\DSC01116.JPG
2018-07-22 11:45:55 INFO  ImageTask:54 - Kopie von: C:\Users\Stefan\OneDrive - BRG Frauengasse\Dokumente\MyWorkStuff\ImageScale\_Bilder\DSC01029.JPG
2018-07-22 11:45:55 INFO  MainWindowController:204 - Alle Tasks fertig
2018-07-22 11:45:55 INFO  ImageTask:61 - Datei gelesen: C:\Users\Stefan\OneDrive - BRG Frauengasse\Dokumente\MyWorkStuff\ImageScale\_Bilder\DSC01029.JPG
2018-07-22 11:45:55 INFO  ImageTask:78 - 240022 Byte -> 240022 Byte
2018-07-22 11:45:55 INFO  ImageTask:82 - Kopie von: C:\Users\Stefan\OneDrive - BRG Frauengasse\Dokumente\MyWorkStuff\ImageScale\_Bilder\DSC01029.JPG
2018-07-22 11:45:56 INFO  ImageTask:87 - Datei gelesen: C:\Users\Stefan\OneDrive - BRG Frauengasse\Dokumente\MyWorkStuff\ImageScale\_Bilder\_thumbs\DSC01029.JPG
2018-07-22 11:45:56 INFO  ImageTask:95 - Umgerechnet zu JPG
2018-07-22 11:45:56 INFO  ImageTask:54 - Kopie von: C:\Users\Stefan\OneDrive - BRG Frauengasse\Dokumente\MyWorkStuff\ImageScale\_Bilder\DSC01031.JPG
2018-07-22 11:45:56 INFO  ImageTask:61 - Datei gelesen: C:\Users\Stefan\OneDrive - BRG Frauengasse\Dokumente\MyWorkStuff\ImageScale\_Bilder\DSC01031.JPG
2018-07-22 11:45:56 INFO  ImageTask:78 - 264110 Byte -> 264110 Byte
2018-07-22 11:45:56 INFO  ImageTask:82 - Kopie von: C:\Users\Stefan\OneDrive - BRG Frauengasse\Dokumente\MyWorkStuff\ImageScale\_Bilder\DSC01031.JPG
2018-07-22 11:45:56 INFO  ImageTask:87 - Datei gelesen: C:\Users\Stefan\OneDrive - BRG Frauengasse\Dokumente\MyWorkStuff\ImageScale\_Bilder\_thumbs\DSC01031.JPG
2018-07-22 11:45:56 INFO  ImageTask:95 - Umgerechnet zu JPG
2018-07-22 11:45:56 INFO  ImageTask:54 - Kopie von: C:\Users\Stefan\OneDrive - BRG Frauengasse\Dokumente\MyWorkStuff\ImageScale\_Bilder\DSC01033.JPG
2018-07-22 11:45:56 INFO  ImageTask:61 - Datei gelesen: C:\Users\Stefan\OneDrive - BRG Frauengasse\Dokumente\MyWorkStuff\ImageScale\_Bilder\DSC01033.JPG
2018-07-22 11:45:56 INFO  ImageTask:78 - 309587 Byte -> 309587 Byte
2018-07-22 11:45:56 INFO  ImageTask:82 - Kopie von: C:\Users\Stefan\OneDrive - BRG Frauengasse\Dokumente\MyWorkStuff\ImageScale\_Bilder\DSC01033.JPG
2018-07-22 11:45:56 INFO  ImageTask:87 - Datei gelesen: C:\Users\Stefan\OneDrive - BRG Frauengasse\Dokumente\MyWorkStuff\ImageScale\_Bilder\_thumbs\DSC01033.JPG
2018-07-22 11:45:57 INFO  ImageTask:95 - Umgerechnet zu JPG
2018-07-22 11:45:57 INFO  ImageTask:54 - Kopie von: C:\Users\Stefan\OneDrive - BRG Frauengasse\Dokumente\MyWorkStuff\ImageScale\_Bilder\DSC01034.JPG
2018-07-22 11:45:57 INFO  ImageTask:61 - Datei gelesen: C:\Users\Stefan\OneDrive - BRG Frauengasse\Dokumente\MyWorkStuff\ImageScale\_Bilder\DSC01034.JPG
2018-07-22 11:45:57 INFO  ImageTask:78 - 213333 Byte -> 213333 Byte
2018-07-22 11:45:57 INFO  ImageTask:82 - Kopie von: C:\Users\Stefan\OneDrive - BRG Frauengasse\Dokumente\MyWorkStuff\ImageScale\_Bilder\DSC01034.JPG
2018-07-22 11:45:57 INFO  ImageTask:87 - Datei gelesen: C:\Users\Stefan\OneDrive - BRG Frauengasse\Dokumente\MyWorkStuff\ImageScale\_Bilder\_thumbs\DSC01034.JPG
2018-07-22 11:45:57 INFO  ImageTask:95 - Umgerechnet zu JPG
2018-07-22 11:45:57 INFO  ImageTask:54 - Kopie von: C:\Users\Stefan\OneDrive - BRG Frauengasse\Dokumente\MyWorkStuff\ImageScale\_Bilder\DSC01037.JPG
2018-07-22 11:45:57 INFO  ImageTask:61 - Datei gelesen: C:\Users\Stefan\OneDrive - BRG Frauengasse\Dokumente\MyWorkStuff\ImageScale\_Bilder\DSC01037.JPG
2018-07-22 11:45:57 INFO  ImageTask:78 - 240037 Byte -> 240037 Byte
2018-07-22 11:45:57 INFO  ImageTask:82 - Kopie von: C:\Users\Stefan\OneDrive - BRG Frauengasse\Dokumente\MyWorkStuff\ImageScale\_Bilder\DSC01037.JPG
2018-07-22 11:45:57 INFO  ImageTask:87 - Datei gelesen: C:\Users\Stefan\OneDrive - BRG Frauengasse\Dokumente\MyWorkStuff\ImageScale\_Bilder\_thumbs\DSC01037.JPG
2018-07-22 11:45:57 INFO  ImageTask:95 - Umgerechnet zu JPG
2018-07-22 11:45:57 INFO  ImageTask:54 - Kopie von: C:\Users\Stefan\OneDrive - BRG Frauengasse\Dokumente\MyWorkStuff\ImageScale\_Bilder\DSC01039.JPG
2018-07-22 11:45:57 INFO  ImageTask:61 - Datei gelesen: C:\Users\Stefan\OneDrive - BRG Frauengasse\Dokumente\MyWorkStuff\ImageScale\_Bilder\DSC01039.JPG
2018-07-22 11:45:57 INFO  ImageTask:78 - 173188 Byte -> 173188 Byte
2018-07-22 11:45:57 INFO  ImageTask:82 - Kopie von: C:\Users\Stefan\OneDrive - BRG Frauengasse\Dokumente\MyWorkStuff\ImageScale\_Bilder\DSC01039.JPG
2018-07-22 11:45:57 INFO  ImageTask:87 - Datei gelesen: C:\Users\Stefan\OneDrive - BRG Frauengasse\Dokumente\MyWorkStuff\ImageScale\_Bilder\_thumbs\DSC01039.JPG
2018-07-22 11:45:58 INFO  ImageTask:95 - Umgerechnet zu JPG
2018-07-22 11:45:58 INFO  ImageTask:54 - Kopie von: C:\Users\Stefan\OneDrive - BRG Frauengasse\Dokumente\MyWorkStuff\ImageScale\_Bilder\DSC01040.JPG
2018-07-22 11:45:58 INFO  ImageTask:61 - Datei gelesen: C:\Users\Stefan\OneDrive - BRG Frauengasse\Dokumente\MyWorkStuff\ImageScale\_Bilder\DSC01040.JPG
2018-07-22 11:45:58 INFO  ImageTask:78 - 182178 Byte -> 182178 Byte
2018-07-22 11:45:58 INFO  ImageTask:82 - Kopie von: C:\Users\Stefan\OneDrive - BRG Frauengasse\Dokumente\MyWorkStuff\ImageScale\_Bilder\DSC01040.JPG
2018-07-22 11:45:58 INFO  ImageTask:87 - Datei gelesen: C:\Users\Stefan\OneDrive - BRG Frauengasse\Dokumente\MyWorkStuff\ImageScale\_Bilder\_thumbs\DSC01040.JPG
2018-07-22 11:45:58 INFO  ImageTask:95 - Umgerechnet zu JPG
2018-07-22 11:45:58 INFO  ImageTask:54 - Kopie von: C:\Users\Stefan\OneDrive - BRG Frauengasse\Dokumente\MyWorkStuff\ImageScale\_Bilder\DSC01042.JPG
2018-07-22 11:45:58 INFO  ImageTask:61 - Datei gelesen: C:\Users\Stefan\OneDrive - BRG Frauengasse\Dokumente\MyWorkStuff\ImageScale\_Bilder\DSC01042.JPG
2018-07-22 11:45:58 INFO  ImageTask:78 - 218746 Byte -> 218746 Byte
2018-07-22 11:45:58 INFO  ImageTask:82 - Kopie von: C:\Users\Stefan\OneDrive - BRG Frauengasse\Dokumente\MyWorkStuff\ImageScale\_Bilder\DSC01042.JPG
2018-07-22 11:45:58 INFO  ImageTask:87 - Datei gelesen: C:\Users\Stefan\OneDrive - BRG Frauengasse\Dokumente\MyWorkStuff\ImageScale\_Bilder\_thumbs\DSC01042.JPG
2018-07-22 11:45:58 INFO  ImageTask:95 - Umgerechnet zu JPG
2018-07-22 11:45:58 INFO  ImageTask:54 - Kopie von: C:\Users\Stefan\OneDrive - BRG Frauengasse\Dokumente\MyWorkStuff\ImageScale\_Bilder\DSC01046.JPG
2018-07-22 11:45:58 INFO  ImageTask:61 - Datei gelesen: C:\Users\Stefan\OneDrive - BRG Frauengasse\Dokumente\MyWorkStuff\ImageScale\_Bilder\DSC01046.JPG
2018-07-22 11:45:58 INFO  ImageTask:78 - 191724 Byte -> 191724 Byte
2018-07-22 11:45:58 INFO  ImageTask:82 - Kopie von: C:\Users\Stefan\OneDrive - BRG Frauengasse\Dokumente\MyWorkStuff\ImageScale\_Bilder\DSC01046.JPG
2018-07-22 11:45:58 INFO  ImageTask:87 - Datei gelesen: C:\Users\Stefan\OneDrive - BRG Frauengasse\Dokumente\MyWorkStuff\ImageScale\_Bilder\_thumbs\DSC01046.JPG
2018-07-22 11:45:59 INFO  ImageTask:95 - Umgerechnet zu JPG
2018-07-22 11:45:59 INFO  ImageTask:54 - Kopie von: C:\Users\Stefan\OneDrive - BRG Frauengasse\Dokumente\MyWorkStuff\ImageScale\_Bilder\DSC01051.JPG
2018-07-22 11:45:59 INFO  ImageTask:61 - Datei gelesen: C:\Users\Stefan\OneDrive - BRG Frauengasse\Dokumente\MyWorkStuff\ImageScale\_Bilder\DSC01051.JPG
2018-07-22 11:45:59 INFO  ImageTask:78 - 247548 Byte -> 247548 Byte
2018-07-22 11:45:59 INFO  ImageTask:82 - Kopie von: C:\Users\Stefan\OneDrive - BRG Frauengasse\Dokumente\MyWorkStuff\ImageScale\_Bilder\DSC01051.JPG
2018-07-22 11:45:59 INFO  ImageTask:87 - Datei gelesen: C:\Users\Stefan\OneDrive - BRG Frauengasse\Dokumente\MyWorkStuff\ImageScale\_Bilder\_thumbs\DSC01051.JPG
2018-07-22 11:45:59 INFO  ImageTask:95 - Umgerechnet zu JPG
2018-07-22 11:45:59 INFO  ImageTask:54 - Kopie von: C:\Users\Stefan\OneDrive - BRG Frauengasse\Dokumente\MyWorkStuff\ImageScale\_Bilder\DSC01053.JPG
2018-07-22 11:45:59 INFO  ImageTask:61 - Datei gelesen: C:\Users\Stefan\OneDrive - BRG Frauengasse\Dokumente\MyWorkStuff\ImageScale\_Bilder\DSC01053.JPG
2018-07-22 11:45:59 INFO  ImageTask:78 - 225020 Byte -> 225020 Byte
2018-07-22 11:45:59 INFO  ImageTask:82 - Kopie von: C:\Users\Stefan\OneDrive - BRG Frauengasse\Dokumente\MyWorkStuff\ImageScale\_Bilder\DSC01053.JPG
2018-07-22 11:45:59 INFO  ImageTask:87 - Datei gelesen: C:\Users\Stefan\OneDrive - BRG Frauengasse\Dokumente\MyWorkStuff\ImageScale\_Bilder\_thumbs\DSC01053.JPG
2018-07-22 11:45:59 INFO  ImageTask:95 - Umgerechnet zu JPG
2018-07-22 11:45:59 INFO  ImageTask:54 - Kopie von: C:\Users\Stefan\OneDrive - BRG Frauengasse\Dokumente\MyWorkStuff\ImageScale\_Bilder\DSC01056.JPG
2018-07-22 11:45:59 INFO  ImageTask:61 - Datei gelesen: C:\Users\Stefan\OneDrive - BRG Frauengasse\Dokumente\MyWorkStuff\ImageScale\_Bilder\DSC01056.JPG
2018-07-22 11:45:59 INFO  ImageTask:78 - 337057 Byte -> 337057 Byte
2018-07-22 11:45:59 INFO  ImageTask:82 - Kopie von: C:\Users\Stefan\OneDrive - BRG Frauengasse\Dokumente\MyWorkStuff\ImageScale\_Bilder\DSC01056.JPG
2018-07-22 11:45:59 INFO  ImageTask:87 - Datei gelesen: C:\Users\Stefan\OneDrive - BRG Frauengasse\Dokumente\MyWorkStuff\ImageScale\_Bilder\_thumbs\DSC01056.JPG
2018-07-22 11:46:45 INFO  ImageTask:54 - Kopie von: C:\Users\Stefan\OneDrive - BRG Frauengasse\Dokumente\MyWorkStuff\ImageScale\_Bilder\DSC01029.JPG
2018-07-22 11:46:45 INFO  MainWindowController:204 - Alle Tasks fertig
2018-07-22 11:46:45 INFO  ImageTask:61 - Datei gelesen: C:\Users\Stefan\OneDrive - BRG Frauengasse\Dokumente\MyWorkStuff\ImageScale\_Bilder\DSC01029.JPG
2018-07-22 11:46:45 INFO  ImageTask:78 - 240022 Byte -> 240022 Byte
2018-07-22 11:46:45 INFO  ImageTask:82 - Kopie von: C:\Users\Stefan\OneDrive - BRG Frauengasse\Dokumente\MyWorkStuff\ImageScale\_Bilder\DSC01029.JPG
2018-07-22 11:46:45 INFO  ImageTask:87 - Datei gelesen: C:\Users\Stefan\OneDrive - BRG Frauengasse\Dokumente\MyWorkStuff\ImageScale\_Bilder\_thumbs\DSC01029.JPG
2018-07-22 11:46:45 INFO  ImageTask:95 - Umgerechnet zu JPG
2018-07-22 11:46:45 INFO  ImageTask:54 - Kopie von: C:\Users\Stefan\OneDrive - BRG Frauengasse\Dokumente\MyWorkStuff\ImageScale\_Bilder\DSC01031.JPG
2018-07-22 11:46:46 INFO  ImageTask:61 - Datei gelesen: C:\Users\Stefan\OneDrive - BRG Frauengasse\Dokumente\MyWorkStuff\ImageScale\_Bilder\DSC01031.JPG
2018-07-22 11:46:46 INFO  ImageTask:78 - 264110 Byte -> 264110 Byte
2018-07-22 11:46:46 INFO  ImageTask:82 - Kopie von: C:\Users\Stefan\OneDrive - BRG Frauengasse\Dokumente\MyWorkStuff\ImageScale\_Bilder\DSC01031.JPG
2018-07-22 11:46:46 INFO  ImageTask:87 - Datei gelesen: C:\Users\Stefan\OneDrive - BRG Frauengasse\Dokumente\MyWorkStuff\ImageScale\_Bilder\_thumbs\DSC01031.JPG
2018-07-22 11:46:46 INFO  ImageTask:95 - Umgerechnet zu JPG
2018-07-22 11:46:46 INFO  ImageTask:54 - Kopie von: C:\Users\Stefan\OneDrive - BRG Frauengasse\Dokumente\MyWorkStuff\ImageScale\_Bilder\DSC01033.JPG
2018-07-22 11:46:46 INFO  ImageTask:61 - Datei gelesen: C:\Users\Stefan\OneDrive - BRG Frauengasse\Dokumente\MyWorkStuff\ImageScale\_Bilder\DSC01033.JPG
2018-07-22 11:46:46 INFO  ImageTask:78 - 309587 Byte -> 309587 Byte
2018-07-22 11:46:46 INFO  ImageTask:82 - Kopie von: C:\Users\Stefan\OneDrive - BRG Frauengasse\Dokumente\MyWorkStuff\ImageScale\_Bilder\DSC01033.JPG
2018-07-22 11:46:46 INFO  ImageTask:87 - Datei gelesen: C:\Users\Stefan\OneDrive - BRG Frauengasse\Dokumente\MyWorkStuff\ImageScale\_Bilder\_thumbs\DSC01033.JPG
2018-07-22 11:46:46 INFO  ImageTask:95 - Umgerechnet zu JPG
2018-07-22 11:46:46 INFO  ImageTask:54 - Kopie von: C:\Users\Stefan\OneDrive - BRG Frauengasse\Dokumente\MyWorkStuff\ImageScale\_Bilder\DSC01034.JPG
2018-07-22 11:46:46 INFO  ImageTask:61 - Datei gelesen: C:\Users\Stefan\OneDrive - BRG Frauengasse\Dokumente\MyWorkStuff\ImageScale\_Bilder\DSC01034.JPG
2018-07-22 11:46:46 INFO  ImageTask:78 - 213333 Byte -> 213333 Byte
2018-07-22 11:46:46 INFO  ImageTask:82 - Kopie von: C:\Users\Stefan\OneDrive - BRG Frauengasse\Dokumente\MyWorkStuff\ImageScale\_Bilder\DSC01034.JPG
2018-07-22 11:46:46 INFO  ImageTask:87 - Datei gelesen: C:\Users\Stefan\OneDrive - BRG Frauengasse\Dokumente\MyWorkStuff\ImageScale\_Bilder\_thumbs\DSC01034.JPG
2018-07-22 11:46:46 INFO  ImageTask:95 - Umgerechnet zu JPG
2018-07-22 11:46:46 INFO  ImageTask:54 - Kopie von: C:\Users\Stefan\OneDrive - BRG Frauengasse\Dokumente\MyWorkStuff\ImageScale\_Bilder\DSC01037.JPG
2018-07-22 11:46:47 INFO  ImageTask:61 - Datei gelesen: C:\Users\Stefan\OneDrive - BRG Frauengasse\Dokumente\MyWorkStuff\ImageScale\_Bilder\DSC01037.JPG
2018-07-22 11:46:47 INFO  ImageTask:78 - 240037 Byte -> 240037 Byte
2018-07-22 11:46:47 INFO  ImageTask:82 - Kopie von: C:\Users\Stefan\OneDrive - BRG Frauengasse\Dokumente\MyWorkStuff\ImageScale\_Bilder\DSC01037.JPG
2018-07-22 11:46:47 INFO  ImageTask:87 - Datei gelesen: C:\Users\Stefan\OneDrive - BRG Frauengasse\Dokumente\MyWorkStuff\ImageScale\_Bilder\_thumbs\DSC01037.JPG
2018-07-22 11:46:47 INFO  ImageTask:95 - Umgerechnet zu JPG
2018-07-22 11:46:47 INFO  ImageTask:54 - Kopie von: C:\Users\Stefan\OneDrive - BRG Frauengasse\Dokumente\MyWorkStuff\ImageScale\_Bilder\DSC01039.JPG
2018-07-22 11:46:47 INFO  ImageTask:61 - Datei gelesen: C:\Users\Stefan\OneDrive - BRG Frauengasse\Dokumente\MyWorkStuff\ImageScale\_Bilder\DSC01039.JPG
2018-07-22 11:46:47 INFO  ImageTask:78 - 173188 Byte -> 173188 Byte
2018-07-22 11:46:47 INFO  ImageTask:82 - Kopie von: C:\Users\Stefan\OneDrive - BRG Frauengasse\Dokumente\MyWorkStuff\ImageScale\_Bilder\DSC01039.JPG
2018-07-22 11:46:47 INFO  ImageTask:87 - Datei gelesen: C:\Users\Stefan\OneDrive - BRG Frauengasse\Dokumente\MyWorkStuff\ImageScale\_Bilder\_thumbs\DSC01039.JPG
2018-07-22 11:46:47 INFO  ImageTask:95 - Umgerechnet zu JPG
2018-07-22 11:46:47 INFO  ImageTask:54 - Kopie von: C:\Users\Stefan\OneDrive - BRG Frauengasse\Dokumente\MyWorkStuff\ImageScale\_Bilder\DSC01040.JPG
2018-07-22 11:46:47 INFO  ImageTask:61 - Datei gelesen: C:\Users\Stefan\OneDrive - BRG Frauengasse\Dokumente\MyWorkStuff\ImageScale\_Bilder\DSC01040.JPG
2018-07-22 11:46:47 INFO  ImageTask:78 - 182178 Byte -> 182178 Byte
2018-07-22 11:46:47 INFO  ImageTask:82 - Kopie von: C:\Users\Stefan\OneDrive - BRG Frauengasse\Dokumente\MyWorkStuff\ImageScale\_Bilder\DSC01040.JPG
2018-07-22 11:46:47 INFO  ImageTask:87 - Datei gelesen: C:\Users\Stefan\OneDrive - BRG Frauengasse\Dokumente\MyWorkStuff\ImageScale\_Bilder\_thumbs\DSC01040.JPG
2018-07-22 11:46:47 INFO  ImageTask:95 - Umgerechnet zu JPG
2018-07-22 11:46:47 INFO  ImageTask:54 - Kopie von: C:\Users\Stefan\OneDrive - BRG Frauengasse\Dokumente\MyWorkStuff\ImageScale\_Bilder\DSC01042.JPG
2018-07-22 11:46:47 INFO  ImageTask:61 - Datei gelesen: C:\Users\Stefan\OneDrive - BRG Frauengasse\Dokumente\MyWorkStuff\ImageScale\_Bilder\DSC01042.JPG
2018-07-22 11:46:47 INFO  ImageTask:78 - 218746 Byte -> 218746 Byte
2018-07-22 11:46:47 INFO  ImageTask:82 - Kopie von: C:\Users\Stefan\OneDrive - BRG Frauengasse\Dokumente\MyWorkStuff\ImageScale\_Bilder\DSC01042.JPG
2018-07-22 11:46:48 INFO  ImageTask:87 - Datei gelesen: C:\Users\Stefan\OneDrive - BRG Frauengasse\Dokumente\MyWorkStuff\ImageScale\_Bilder\_thumbs\DSC01042.JPG
2018-07-22 11:46:48 INFO  ImageTask:95 - Umgerechnet zu JPG
2018-07-22 11:46:48 INFO  ImageTask:54 - Kopie von: C:\Users\Stefan\OneDrive - BRG Frauengasse\Dokumente\MyWorkStuff\ImageScale\_Bilder\DSC01046.JPG
2018-07-22 11:46:48 INFO  ImageTask:61 - Datei gelesen: C:\Users\Stefan\OneDrive - BRG Frauengasse\Dokumente\MyWorkStuff\ImageScale\_Bilder\DSC01046.JPG
2018-07-22 11:46:48 INFO  ImageTask:78 - 191724 Byte -> 191724 Byte
2018-07-22 11:46:48 INFO  ImageTask:82 - Kopie von: C:\Users\Stefan\OneDrive - BRG Frauengasse\Dokumente\MyWorkStuff\ImageScale\_Bilder\DSC01046.JPG
2018-07-22 11:46:48 INFO  ImageTask:87 - Datei gelesen: C:\Users\Stefan\OneDrive - BRG Frauengasse\Dokumente\MyWorkStuff\ImageScale\_Bilder\_thumbs\DSC01046.JPG
2018-07-22 11:46:48 INFO  ImageTask:95 - Umgerechnet zu JPG
2018-07-22 11:46:48 INFO  ImageTask:54 - Kopie von: C:\Users\Stefan\OneDrive - BRG Frauengasse\Dokumente\MyWorkStuff\ImageScale\_Bilder\DSC01051.JPG
2018-07-22 11:46:48 INFO  ImageTask:61 - Datei gelesen: C:\Users\Stefan\OneDrive - BRG Frauengasse\Dokumente\MyWorkStuff\ImageScale\_Bilder\DSC01051.JPG
2018-07-22 11:46:48 INFO  ImageTask:78 - 247548 Byte -> 247548 Byte
2018-07-22 11:46:48 INFO  ImageTask:82 - Kopie von: C:\Users\Stefan\OneDrive - BRG Frauengasse\Dokumente\MyWorkStuff\ImageScale\_Bilder\DSC01051.JPG
2018-07-22 11:46:48 INFO  ImageTask:87 - Datei gelesen: C:\Users\Stefan\OneDrive - BRG Frauengasse\Dokumente\MyWorkStuff\ImageScale\_Bilder\_thumbs\DSC01051.JPG
2018-07-22 11:46:48 INFO  ImageTask:95 - Umgerechnet zu JPG
2018-07-22 11:46:48 INFO  ImageTask:54 - Kopie von: C:\Users\Stefan\OneDrive - BRG Frauengasse\Dokumente\MyWorkStuff\ImageScale\_Bilder\DSC01053.JPG
2018-07-22 11:46:48 INFO  ImageTask:61 - Datei gelesen: C:\Users\Stefan\OneDrive - BRG Frauengasse\Dokumente\MyWorkStuff\ImageScale\_Bilder\DSC01053.JPG
2018-07-22 11:46:48 INFO  ImageTask:78 - 225020 Byte -> 225020 Byte
2018-07-22 11:46:48 INFO  ImageTask:82 - Kopie von: C:\Users\Stefan\OneDrive - BRG Frauengasse\Dokumente\MyWorkStuff\ImageScale\_Bilder\DSC01053.JPG
2018-07-22 11:46:48 INFO  ImageTask:87 - Datei gelesen: C:\Users\Stefan\OneDrive - BRG Frauengasse\Dokumente\MyWorkStuff\ImageScale\_Bilder\_thumbs\DSC01053.JPG
2018-07-22 11:46:49 INFO  ImageTask:95 - Umgerechnet zu JPG
2018-07-22 11:46:49 INFO  ImageTask:54 - Kopie von: C:\Users\Stefan\OneDrive - BRG Frauengasse\Dokumente\MyWorkStuff\ImageScale\_Bilder\DSC01056.JPG
2018-07-22 11:46:49 INFO  ImageTask:61 - Datei gelesen: C:\Users\Stefan\OneDrive - BRG Frauengasse\Dokumente\MyWorkStuff\ImageScale\_Bilder\DSC01056.JPG
2018-07-22 11:46:49 INFO  ImageTask:78 - 337057 Byte -> 337057 Byte
2018-07-22 11:46:49 INFO  ImageTask:82 - Kopie von: C:\Users\Stefan\OneDrive - BRG Frauengasse\Dokumente\MyWorkStuff\ImageScale\_Bilder\DSC01056.JPG
2018-07-22 11:46:49 INFO  ImageTask:87 - Datei gelesen: C:\Users\Stefan\OneDrive - BRG Frauengasse\Dokumente\MyWorkStuff\ImageScale\_Bilder\_thumbs\DSC01056.JPG
2018-07-22 11:46:49 INFO  ImageTask:95 - Umgerechnet zu JPG
2018-07-22 11:46:49 INFO  ImageTask:54 - Kopie von: C:\Users\Stefan\OneDrive - BRG Frauengasse\Dokumente\MyWorkStuff\ImageScale\_Bilder\DSC01062.JPG
2018-07-22 11:46:49 INFO  ImageTask:61 - Datei gelesen: C:\Users\Stefan\OneDrive - BRG Frauengasse\Dokumente\MyWorkStuff\ImageScale\_Bilder\DSC01062.JPG
2018-07-22 11:46:49 INFO  ImageTask:78 - 214289 Byte -> 214289 Byte
2018-07-22 11:46:49 INFO  ImageTask:82 - Kopie von: C:\Users\Stefan\OneDrive - BRG Frauengasse\Dokumente\MyWorkStuff\ImageScale\_Bilder\DSC01062.JPG
2018-07-22 11:46:49 INFO  ImageTask:87 - Datei gelesen: C:\Users\Stefan\OneDrive - BRG Frauengasse\Dokumente\MyWorkStuff\ImageScale\_Bilder\_thumbs\DSC01062.JPG
2018-07-22 11:46:49 INFO  ImageTask:95 - Umgerechnet zu JPG
2018-07-22 11:46:49 INFO  ImageTask:54 - Kopie von: C:\Users\Stefan\OneDrive - BRG Frauengasse\Dokumente\MyWorkStuff\ImageScale\_Bilder\DSC01063.JPG
2018-07-22 11:46:49 INFO  ImageTask:61 - Datei gelesen: C:\Users\Stefan\OneDrive - BRG Frauengasse\Dokumente\MyWorkStuff\ImageScale\_Bilder\DSC01063.JPG
2018-07-22 11:46:49 INFO  ImageTask:78 - 250232 Byte -> 250232 Byte
2018-07-22 11:46:49 INFO  ImageTask:82 - Kopie von: C:\Users\Stefan\OneDrive - BRG Frauengasse\Dokumente\MyWorkStuff\ImageScale\_Bilder\DSC01063.JPG
2018-07-22 11:46:49 INFO  ImageTask:87 - Datei gelesen: C:\Users\Stefan\OneDrive - BRG Frauengasse\Dokumente\MyWorkStuff\ImageScale\_Bilder\_thumbs\DSC01063.JPG
2018-07-22 11:46:50 INFO  ImageTask:95 - Umgerechnet zu JPG
2018-07-22 11:46:50 INFO  ImageTask:54 - Kopie von: C:\Users\Stefan\OneDrive - BRG Frauengasse\Dokumente\MyWorkStuff\ImageScale\_Bilder\DSC01064.JPG
2018-07-22 11:46:50 INFO  ImageTask:61 - Datei gelesen: C:\Users\Stefan\OneDrive - BRG Frauengasse\Dokumente\MyWorkStuff\ImageScale\_Bilder\DSC01064.JPG
2018-07-22 11:46:50 INFO  ImageTask:78 - 288987 Byte -> 288987 Byte
2018-07-22 11:46:50 INFO  ImageTask:82 - Kopie von: C:\Users\Stefan\OneDrive - BRG Frauengasse\Dokumente\MyWorkStuff\ImageScale\_Bilder\DSC01064.JPG
2018-07-22 11:46:50 INFO  ImageTask:87 - Datei gelesen: C:\Users\Stefan\OneDrive - BRG Frauengasse\Dokumente\MyWorkStuff\ImageScale\_Bilder\_thumbs\DSC01064.JPG
2018-07-22 11:46:50 INFO  ImageTask:95 - Umgerechnet zu JPG
2018-07-22 11:46:50 INFO  ImageTask:54 - Kopie von: C:\Users\Stefan\OneDrive - BRG Frauengasse\Dokumente\MyWorkStuff\ImageScale\_Bilder\DSC01066.JPG
2018-07-22 11:46:50 INFO  ImageTask:61 - Datei gelesen: C:\Users\Stefan\OneDrive - BRG Frauengasse\Dokumente\MyWorkStuff\ImageScale\_Bilder\DSC01066.JPG
2018-07-22 11:46:50 INFO  ImageTask:78 - 335090 Byte -> 335090 Byte
2018-07-22 11:46:50 INFO  ImageTask:82 - Kopie von: C:\Users\Stefan\OneDrive - BRG Frauengasse\Dokumente\MyWorkStuff\ImageScale\_Bilder\DSC01066.JPG
2018-07-22 11:46:50 INFO  ImageTask:87 - Datei gelesen: C:\Users\Stefan\OneDrive - BRG Frauengasse\Dokumente\MyWorkStuff\ImageScale\_Bilder\_thumbs\DSC01066.JPG
2018-07-22 11:46:50 INFO  ImageTask:95 - Umgerechnet zu JPG
2018-07-22 11:46:50 INFO  ImageTask:54 - Kopie von: C:\Users\Stefan\OneDrive - BRG Frauengasse\Dokumente\MyWorkStuff\ImageScale\_Bilder\DSC01067.JPG
2018-07-22 11:46:50 INFO  ImageTask:61 - Datei gelesen: C:\Users\Stefan\OneDrive - BRG Frauengasse\Dokumente\MyWorkStuff\ImageScale\_Bilder\DSC01067.JPG
2018-07-22 11:46:50 INFO  ImageTask:78 - 336008 Byte -> 336008 Byte
2018-07-22 11:46:50 INFO  ImageTask:82 - Kopie von: C:\Users\Stefan\OneDrive - BRG Frauengasse\Dokumente\MyWorkStuff\ImageScale\_Bilder\DSC01067.JPG
2018-07-22 11:46:50 INFO  ImageTask:87 - Datei gelesen: C:\Users\Stefan\OneDrive - BRG Frauengasse\Dokumente\MyWorkStuff\ImageScale\_Bilder\_thumbs\DSC01067.JPG
2018-07-22 11:46:51 INFO  ImageTask:95 - Umgerechnet zu JPG
2018-07-22 11:46:51 INFO  ImageTask:54 - Kopie von: C:\Users\Stefan\OneDrive - BRG Frauengasse\Dokumente\MyWorkStuff\ImageScale\_Bilder\DSC01069.JPG
2018-07-22 11:46:51 INFO  ImageTask:61 - Datei gelesen: C:\Users\Stefan\OneDrive - BRG Frauengasse\Dokumente\MyWorkStuff\ImageScale\_Bilder\DSC01069.JPG
2018-07-22 11:46:51 INFO  ImageTask:78 - 338690 Byte -> 338690 Byte
2018-07-22 11:46:51 INFO  ImageTask:82 - Kopie von: C:\Users\Stefan\OneDrive - BRG Frauengasse\Dokumente\MyWorkStuff\ImageScale\_Bilder\DSC01069.JPG
2018-07-22 11:46:51 INFO  ImageTask:87 - Datei gelesen: C:\Users\Stefan\OneDrive - BRG Frauengasse\Dokumente\MyWorkStuff\ImageScale\_Bilder\_thumbs\DSC01069.JPG
2018-07-22 11:46:51 INFO  ImageTask:95 - Umgerechnet zu JPG
2018-07-22 11:46:51 INFO  ImageTask:54 - Kopie von: C:\Users\Stefan\OneDrive - BRG Frauengasse\Dokumente\MyWorkStuff\ImageScale\_Bilder\DSC01071.JPG
2018-07-22 11:46:51 INFO  ImageTask:61 - Datei gelesen: C:\Users\Stefan\OneDrive - BRG Frauengasse\Dokumente\MyWorkStuff\ImageScale\_Bilder\DSC01071.JPG
2018-07-22 11:46:51 INFO  ImageTask:78 - 317898 Byte -> 317898 Byte
2018-07-22 11:46:51 INFO  ImageTask:82 - Kopie von: C:\Users\Stefan\OneDrive - BRG Frauengasse\Dokumente\MyWorkStuff\ImageScale\_Bilder\DSC01071.JPG
2018-07-22 11:46:51 INFO  ImageTask:87 - Datei gelesen: C:\Users\Stefan\OneDrive - BRG Frauengasse\Dokumente\MyWorkStuff\ImageScale\_Bilder\_thumbs\DSC01071.JPG
2018-07-22 11:46:51 INFO  ImageTask:95 - Umgerechnet zu JPG
2018-07-22 11:46:51 INFO  ImageTask:54 - Kopie von: C:\Users\Stefan\OneDrive - BRG Frauengasse\Dokumente\MyWorkStuff\ImageScale\_Bilder\DSC01074.JPG
2018-07-22 11:46:51 INFO  ImageTask:61 - Datei gelesen: C:\Users\Stefan\OneDrive - BRG Frauengasse\Dokumente\MyWorkStuff\ImageScale\_Bilder\DSC01074.JPG
2018-07-22 11:46:51 INFO  ImageTask:78 - 300913 Byte -> 300913 Byte
2018-07-22 11:46:51 INFO  ImageTask:82 - Kopie von: C:\Users\Stefan\OneDrive - BRG Frauengasse\Dokumente\MyWorkStuff\ImageScale\_Bilder\DSC01074.JPG
2018-07-22 11:46:51 INFO  ImageTask:87 - Datei gelesen: C:\Users\Stefan\OneDrive - BRG Frauengasse\Dokumente\MyWorkStuff\ImageScale\_Bilder\_thumbs\DSC01074.JPG
2018-07-22 11:46:52 INFO  ImageTask:95 - Umgerechnet zu JPG
2018-07-22 11:46:52 INFO  ImageTask:54 - Kopie von: C:\Users\Stefan\OneDrive - BRG Frauengasse\Dokumente\MyWorkStuff\ImageScale\_Bilder\DSC01075.JPG
2018-07-22 11:46:52 INFO  ImageTask:61 - Datei gelesen: C:\Users\Stefan\OneDrive - BRG Frauengasse\Dokumente\MyWorkStuff\ImageScale\_Bilder\DSC01075.JPG
2018-07-22 11:46:52 INFO  ImageTask:78 - 280371 Byte -> 280371 Byte
2018-07-22 11:46:52 INFO  ImageTask:82 - Kopie von: C:\Users\Stefan\OneDrive - BRG Frauengasse\Dokumente\MyWorkStuff\ImageScale\_Bilder\DSC01075.JPG
2018-07-22 11:46:52 INFO  ImageTask:87 - Datei gelesen: C:\Users\Stefan\OneDrive - BRG Frauengasse\Dokumente\MyWorkStuff\ImageScale\_Bilder\_thumbs\DSC01075.JPG
2018-07-22 11:46:52 INFO  ImageTask:95 - Umgerechnet zu JPG
2018-07-22 11:46:52 INFO  ImageTask:54 - Kopie von: C:\Users\Stefan\OneDrive - BRG Frauengasse\Dokumente\MyWorkStuff\ImageScale\_Bilder\DSC01081.JPG
2018-07-22 11:46:52 INFO  ImageTask:61 - Datei gelesen: C:\Users\Stefan\OneDrive - BRG Frauengasse\Dokumente\MyWorkStuff\ImageScale\_Bilder\DSC01081.JPG
2018-07-22 11:46:52 INFO  ImageTask:78 - 290246 Byte -> 290246 Byte
2018-07-22 11:46:52 INFO  ImageTask:82 - Kopie von: C:\Users\Stefan\OneDrive - BRG Frauengasse\Dokumente\MyWorkStuff\ImageScale\_Bilder\DSC01081.JPG
2018-07-22 11:46:52 INFO  ImageTask:87 - Datei gelesen: C:\Users\Stefan\OneDrive - BRG Frauengasse\Dokumente\MyWorkStuff\ImageScale\_Bilder\_thumbs\DSC01081.JPG
2018-07-22 11:49:12 INFO  ImageTask:54 - Kopie von: C:\Users\Stefan\OneDrive - BRG Frauengasse\Dokumente\MyWorkStuff\ImageScale\_Bilder\DSC01029.JPG
2018-07-22 11:49:12 INFO  ImageTask:61 - Datei gelesen: C:\Users\Stefan\OneDrive - BRG Frauengasse\Dokumente\MyWorkStuff\ImageScale\_Bilder\DSC01029.JPG
2018-07-22 11:49:12 INFO  ImageTask:78 - 240022 Byte -> 240022 Byte
2018-07-22 11:49:12 INFO  ImageTask:82 - Kopie von: C:\Users\Stefan\OneDrive - BRG Frauengasse\Dokumente\MyWorkStuff\ImageScale\_Bilder\DSC01029.JPG
2018-07-22 11:49:12 INFO  ImageTask:87 - Datei gelesen: C:\Users\Stefan\OneDrive - BRG Frauengasse\Dokumente\MyWorkStuff\ImageScale\_Bilder\_thumbs\DSC01029.JPG
2018-07-22 11:49:12 INFO  ImageTask:95 - Umgerechnet zu JPG
2018-07-22 11:49:12 INFO  ImageTask:54 - Kopie von: C:\Users\Stefan\OneDrive - BRG Frauengasse\Dokumente\MyWorkStuff\ImageScale\_Bilder\DSC01031.JPG
2018-07-22 11:49:12 INFO  ImageTask:61 - Datei gelesen: C:\Users\Stefan\OneDrive - BRG Frauengasse\Dokumente\MyWorkStuff\ImageScale\_Bilder\DSC01031.JPG
2018-07-22 11:49:12 INFO  ImageTask:78 - 264110 Byte -> 264110 Byte
2018-07-22 11:49:12 INFO  ImageTask:82 - Kopie von: C:\Users\Stefan\OneDrive - BRG Frauengasse\Dokumente\MyWorkStuff\ImageScale\_Bilder\DSC01031.JPG
2018-07-22 11:49:13 INFO  ImageTask:87 - Datei gelesen: C:\Users\Stefan\OneDrive - BRG Frauengasse\Dokumente\MyWorkStuff\ImageScale\_Bilder\_thumbs\DSC01031.JPG
2018-07-22 11:49:13 INFO  ImageTask:95 - Umgerechnet zu JPG
2018-07-22 11:49:13 INFO  ImageTask:54 - Kopie von: C:\Users\Stefan\OneDrive - BRG Frauengasse\Dokumente\MyWorkStuff\ImageScale\_Bilder\DSC01033.JPG
2018-07-22 11:49:13 INFO  ImageTask:61 - Datei gelesen: C:\Users\Stefan\OneDrive - BRG Frauengasse\Dokumente\MyWorkStuff\ImageScale\_Bilder\DSC01033.JPG
2018-07-22 11:49:13 INFO  ImageTask:78 - 309587 Byte -> 309587 Byte
2018-07-22 11:49:13 INFO  ImageTask:82 - Kopie von: C:\Users\Stefan\OneDrive - BRG Frauengasse\Dokumente\MyWorkStuff\ImageScale\_Bilder\DSC01033.JPG
2018-07-22 11:49:13 INFO  ImageTask:87 - Datei gelesen: C:\Users\Stefan\OneDrive - BRG Frauengasse\Dokumente\MyWorkStuff\ImageScale\_Bilder\_thumbs\DSC01033.JPG
2018-07-22 11:49:13 INFO  ImageTask:95 - Umgerechnet zu JPG
2018-07-22 11:49:13 INFO  ImageTask:54 - Kopie von: C:\Users\Stefan\OneDrive - BRG Frauengasse\Dokumente\MyWorkStuff\ImageScale\_Bilder\DSC01034.JPG
2018-07-22 11:49:13 INFO  ImageTask:61 - Datei gelesen: C:\Users\Stefan\OneDrive - BRG Frauengasse\Dokumente\MyWorkStuff\ImageScale\_Bilder\DSC01034.JPG
2018-07-22 11:49:13 INFO  ImageTask:78 - 213333 Byte -> 213333 Byte
2018-07-22 11:49:13 INFO  ImageTask:82 - Kopie von: C:\Users\Stefan\OneDrive - BRG Frauengasse\Dokumente\MyWorkStuff\ImageScale\_Bilder\DSC01034.JPG
2018-07-22 11:49:13 INFO  ImageTask:87 - Datei gelesen: C:\Users\Stefan\OneDrive - BRG Frauengasse\Dokumente\MyWorkStuff\ImageScale\_Bilder\_thumbs\DSC01034.JPG
2018-07-22 11:49:13 INFO  ImageTask:95 - Umgerechnet zu JPG
2018-07-22 11:49:13 INFO  ImageTask:54 - Kopie von: C:\Users\Stefan\OneDrive - BRG Frauengasse\Dokumente\MyWorkStuff\ImageScale\_Bilder\DSC01037.JPG
2018-07-22 11:49:13 INFO  ImageTask:61 - Datei gelesen: C:\Users\Stefan\OneDrive - BRG Frauengasse\Dokumente\MyWorkStuff\ImageScale\_Bilder\DSC01037.JPG
2018-07-22 11:49:13 INFO  ImageTask:78 - 240037 Byte -> 240037 Byte
2018-07-22 11:49:13 INFO  ImageTask:82 - Kopie von: C:\Users\Stefan\OneDrive - BRG Frauengasse\Dokumente\MyWorkStuff\ImageScale\_Bilder\DSC01037.JPG
2018-07-22 11:49:13 INFO  ImageTask:87 - Datei gelesen: C:\Users\Stefan\OneDrive - BRG Frauengasse\Dokumente\MyWorkStuff\ImageScale\_Bilder\_thumbs\DSC01037.JPG
2018-07-22 11:49:13 INFO  ImageTask:95 - Umgerechnet zu JPG
2018-07-22 11:49:13 INFO  ImageTask:54 - Kopie von: C:\Users\Stefan\OneDrive - BRG Frauengasse\Dokumente\MyWorkStuff\ImageScale\_Bilder\DSC01039.JPG
2018-07-22 11:49:13 INFO  ImageTask:61 - Datei gelesen: C:\Users\Stefan\OneDrive - BRG Frauengasse\Dokumente\MyWorkStuff\ImageScale\_Bilder\DSC01039.JPG
2018-07-22 11:49:13 INFO  ImageTask:78 - 173188 Byte -> 173188 Byte
2018-07-22 11:49:13 INFO  ImageTask:82 - Kopie von: C:\Users\Stefan\OneDrive - BRG Frauengasse\Dokumente\MyWorkStuff\ImageScale\_Bilder\DSC01039.JPG
2018-07-22 11:49:14 INFO  ImageTask:87 - Datei gelesen: C:\Users\Stefan\OneDrive - BRG Frauengasse\Dokumente\MyWorkStuff\ImageScale\_Bilder\_thumbs\DSC01039.JPG
2018-07-22 11:49:14 INFO  ImageTask:95 - Umgerechnet zu JPG
2018-07-22 11:49:14 INFO  ImageTask:54 - Kopie von: C:\Users\Stefan\OneDrive - BRG Frauengasse\Dokumente\MyWorkStuff\ImageScale\_Bilder\DSC01040.JPG
2018-07-22 11:49:14 INFO  ImageTask:61 - Datei gelesen: C:\Users\Stefan\OneDrive - BRG Frauengasse\Dokumente\MyWorkStuff\ImageScale\_Bilder\DSC01040.JPG
2018-07-22 11:49:14 INFO  ImageTask:78 - 182178 Byte -> 182178 Byte
2018-07-22 11:49:14 INFO  ImageTask:82 - Kopie von: C:\Users\Stefan\OneDrive - BRG Frauengasse\Dokumente\MyWorkStuff\ImageScale\_Bilder\DSC01040.JPG
2018-07-22 11:49:14 INFO  ImageTask:87 - Datei gelesen: C:\Users\Stefan\OneDrive - BRG Frauengasse\Dokumente\MyWorkStuff\ImageScale\_Bilder\_thumbs\DSC01040.JPG
2018-07-22 11:49:14 INFO  ImageTask:95 - Umgerechnet zu JPG
2018-07-22 11:49:14 INFO  ImageTask:54 - Kopie von: C:\Users\Stefan\OneDrive - BRG Frauengasse\Dokumente\MyWorkStuff\ImageScale\_Bilder\DSC01042.JPG
2018-07-22 11:49:14 INFO  ImageTask:61 - Datei gelesen: C:\Users\Stefan\OneDrive - BRG Frauengasse\Dokumente\MyWorkStuff\ImageScale\_Bilder\DSC01042.JPG
2018-07-22 11:49:14 INFO  ImageTask:78 - 218746 Byte -> 218746 Byte
2018-07-22 11:49:14 INFO  ImageTask:82 - Kopie von: C:\Users\Stefan\OneDrive - BRG Frauengasse\Dokumente\MyWorkStuff\ImageScale\_Bilder\DSC01042.JPG
2018-07-22 11:49:14 INFO  ImageTask:87 - Datei gelesen: C:\Users\Stefan\OneDrive - BRG Frauengasse\Dokumente\MyWorkStuff\ImageScale\_Bilder\_thumbs\DSC01042.JPG
2018-07-22 11:49:14 INFO  ImageTask:95 - Umgerechnet zu JPG
2018-07-22 11:49:14 INFO  ImageTask:54 - Kopie von: C:\Users\Stefan\OneDrive - BRG Frauengasse\Dokumente\MyWorkStuff\ImageScale\_Bilder\DSC01046.JPG
2018-07-22 11:49:14 INFO  ImageTask:61 - Datei gelesen: C:\Users\Stefan\OneDrive - BRG Frauengasse\Dokumente\MyWorkStuff\ImageScale\_Bilder\DSC01046.JPG
2018-07-22 11:49:14 INFO  ImageTask:78 - 191724 Byte -> 191724 Byte
2018-07-22 11:49:14 INFO  ImageTask:82 - Kopie von: C:\Users\Stefan\OneDrive - BRG Frauengasse\Dokumente\MyWorkStuff\ImageScale\_Bilder\DSC01046.JPG
2018-07-22 11:49:14 INFO  ImageTask:87 - Datei gelesen: C:\Users\Stefan\OneDrive - BRG Frauengasse\Dokumente\MyWorkStuff\ImageScale\_Bilder\_thumbs\DSC01046.JPG
2018-07-22 11:49:14 INFO  ImageTask:95 - Umgerechnet zu JPG
2018-07-22 11:49:14 INFO  ImageTask:54 - Kopie von: C:\Users\Stefan\OneDrive - BRG Frauengasse\Dokumente\MyWorkStuff\ImageScale\_Bilder\DSC01051.JPG
2018-07-22 11:49:14 INFO  ImageTask:61 - Datei gelesen: C:\Users\Stefan\OneDrive - BRG Frauengasse\Dokumente\MyWorkStuff\ImageScale\_Bilder\DSC01051.JPG
2018-07-22 11:49:14 INFO  ImageTask:78 - 247548 Byte -> 247548 Byte
2018-07-22 11:49:14 INFO  ImageTask:82 - Kopie von: C:\Users\Stefan\OneDrive - BRG Frauengasse\Dokumente\MyWorkStuff\ImageScale\_Bilder\DSC01051.JPG
2018-07-22 11:49:15 INFO  ImageTask:87 - Datei gelesen: C:\Users\Stefan\OneDrive - BRG Frauengasse\Dokumente\MyWorkStuff\ImageScale\_Bilder\_thumbs\DSC01051.JPG
2018-07-22 11:49:15 INFO  ImageTask:95 - Umgerechnet zu JPG
2018-07-22 11:49:15 INFO  ImageTask:54 - Kopie von: C:\Users\Stefan\OneDrive - BRG Frauengasse\Dokumente\MyWorkStuff\ImageScale\_Bilder\DSC01053.JPG
2018-07-22 11:49:15 INFO  ImageTask:61 - Datei gelesen: C:\Users\Stefan\OneDrive - BRG Frauengasse\Dokumente\MyWorkStuff\ImageScale\_Bilder\DSC01053.JPG
2018-07-22 11:49:15 INFO  ImageTask:78 - 225020 Byte -> 225020 Byte
2018-07-22 11:49:15 INFO  ImageTask:82 - Kopie von: C:\Users\Stefan\OneDrive - BRG Frauengasse\Dokumente\MyWorkStuff\ImageScale\_Bilder\DSC01053.JPG
2018-07-22 11:49:15 INFO  ImageTask:87 - Datei gelesen: C:\Users\Stefan\OneDrive - BRG Frauengasse\Dokumente\MyWorkStuff\ImageScale\_Bilder\_thumbs\DSC01053.JPG
2018-07-22 11:49:15 INFO  ImageTask:95 - Umgerechnet zu JPG
2018-07-22 11:49:15 INFO  ImageTask:54 - Kopie von: C:\Users\Stefan\OneDrive - BRG Frauengasse\Dokumente\MyWorkStuff\ImageScale\_Bilder\DSC01056.JPG
2018-07-22 11:49:15 INFO  ImageTask:61 - Datei gelesen: C:\Users\Stefan\OneDrive - BRG Frauengasse\Dokumente\MyWorkStuff\ImageScale\_Bilder\DSC01056.JPG
2018-07-22 11:49:15 INFO  ImageTask:78 - 337057 Byte -> 337057 Byte
2018-07-22 11:49:15 INFO  ImageTask:82 - Kopie von: C:\Users\Stefan\OneDrive - BRG Frauengasse\Dokumente\MyWorkStuff\ImageScale\_Bilder\DSC01056.JPG
2018-07-22 11:49:15 INFO  ImageTask:87 - Datei gelesen: C:\Users\Stefan\OneDrive - BRG Frauengasse\Dokumente\MyWorkStuff\ImageScale\_Bilder\_thumbs\DSC01056.JPG
2018-07-22 11:49:15 INFO  ImageTask:95 - Umgerechnet zu JPG
2018-07-22 11:49:15 INFO  ImageTask:54 - Kopie von: C:\Users\Stefan\OneDrive - BRG Frauengasse\Dokumente\MyWorkStuff\ImageScale\_Bilder\DSC01062.JPG
2018-07-22 11:49:15 INFO  ImageTask:61 - Datei gelesen: C:\Users\Stefan\OneDrive - BRG Frauengasse\Dokumente\MyWorkStuff\ImageScale\_Bilder\DSC01062.JPG
2018-07-22 11:49:15 INFO  ImageTask:78 - 214289 Byte -> 214289 Byte
2018-07-22 11:49:15 INFO  ImageTask:82 - Kopie von: C:\Users\Stefan\OneDrive - BRG Frauengasse\Dokumente\MyWorkStuff\ImageScale\_Bilder\DSC01062.JPG
2018-07-22 11:49:15 INFO  ImageTask:87 - Datei gelesen: C:\Users\Stefan\OneDrive - BRG Frauengasse\Dokumente\MyWorkStuff\ImageScale\_Bilder\_thumbs\DSC01062.JPG
2018-07-22 11:49:15 INFO  ImageTask:95 - Umgerechnet zu JPG
2018-07-22 11:49:15 INFO  ImageTask:54 - Kopie von: C:\Users\Stefan\OneDrive - BRG Frauengasse\Dokumente\MyWorkStuff\ImageScale\_Bilder\DSC01063.JPG
2018-07-22 11:49:15 INFO  ImageTask:61 - Datei gelesen: C:\Users\Stefan\OneDrive - BRG Frauengasse\Dokumente\MyWorkStuff\ImageScale\_Bilder\DSC01063.JPG
2018-07-22 11:49:15 INFO  ImageTask:78 - 250232 Byte -> 250232 Byte
2018-07-22 11:49:15 INFO  ImageTask:82 - Kopie von: C:\Users\Stefan\OneDrive - BRG Frauengasse\Dokumente\MyWorkStuff\ImageScale\_Bilder\DSC01063.JPG
2018-07-22 11:49:16 INFO  ImageTask:87 - Datei gelesen: C:\Users\Stefan\OneDrive - BRG Frauengasse\Dokumente\MyWorkStuff\ImageScale\_Bilder\_thumbs\DSC01063.JPG
2018-07-22 11:49:16 INFO  ImageTask:95 - Umgerechnet zu JPG
2018-07-22 11:49:16 INFO  ImageTask:54 - Kopie von: C:\Users\Stefan\OneDrive - BRG Frauengasse\Dokumente\MyWorkStuff\ImageScale\_Bilder\DSC01064.JPG
2018-07-22 11:49:16 INFO  ImageTask:61 - Datei gelesen: C:\Users\Stefan\OneDrive - BRG Frauengasse\Dokumente\MyWorkStuff\ImageScale\_Bilder\DSC01064.JPG
2018-07-22 11:49:16 INFO  ImageTask:78 - 288987 Byte -> 288987 Byte
2018-07-22 11:49:16 INFO  ImageTask:82 - Kopie von: C:\Users\Stefan\OneDrive - BRG Frauengasse\Dokumente\MyWorkStuff\ImageScale\_Bilder\DSC01064.JPG
2018-07-22 11:49:16 INFO  ImageTask:87 - Datei gelesen: C:\Users\Stefan\OneDrive - BRG Frauengasse\Dokumente\MyWorkStuff\ImageScale\_Bilder\_thumbs\DSC01064.JPG
2018-07-22 11:49:16 INFO  ImageTask:95 - Umgerechnet zu JPG
2018-07-22 11:49:16 INFO  ImageTask:54 - Kopie von: C:\Users\Stefan\OneDrive - BRG Frauengasse\Dokumente\MyWorkStuff\ImageScale\_Bilder\DSC01066.JPG
2018-07-22 11:49:16 INFO  ImageTask:61 - Datei gelesen: C:\Users\Stefan\OneDrive - BRG Frauengasse\Dokumente\MyWorkStuff\ImageScale\_Bilder\DSC01066.JPG
2018-07-22 11:49:16 INFO  ImageTask:78 - 335090 Byte -> 335090 Byte
2018-07-22 11:49:16 INFO  ImageTask:82 - Kopie von: C:\Users\Stefan\OneDrive - BRG Frauengasse\Dokumente\MyWorkStuff\ImageScale\_Bilder\DSC01066.JPG
2018-07-22 11:49:16 INFO  ImageTask:87 - Datei gelesen: C:\Users\Stefan\OneDrive - BRG Frauengasse\Dokumente\MyWorkStuff\ImageScale\_Bilder\_thumbs\DSC01066.JPG
2018-07-22 11:49:16 INFO  ImageTask:95 - Umgerechnet zu JPG
2018-07-22 11:49:16 INFO  ImageTask:54 - Kopie von: C:\Users\Stefan\OneDrive - BRG Frauengasse\Dokumente\MyWorkStuff\ImageScale\_Bilder\DSC01067.JPG
2018-07-22 11:49:16 INFO  ImageTask:61 - Datei gelesen: C:\Users\Stefan\OneDrive - BRG Frauengasse\Dokumente\MyWorkStuff\ImageScale\_Bilder\DSC01067.JPG
2018-07-22 11:49:16 INFO  ImageTask:78 - 336008 Byte -> 336008 Byte
2018-07-22 11:49:16 INFO  ImageTask:82 - Kopie von: C:\Users\Stefan\OneDrive - BRG Frauengasse\Dokumente\MyWorkStuff\ImageScale\_Bilder\DSC01067.JPG
2018-07-22 11:49:16 INFO  ImageTask:87 - Datei gelesen: C:\Users\Stefan\OneDrive - BRG Frauengasse\Dokumente\MyWorkStuff\ImageScale\_Bilder\_thumbs\DSC01067.JPG
2018-07-22 11:49:16 INFO  ImageTask:95 - Umgerechnet zu JPG
2018-07-22 11:49:16 INFO  ImageTask:54 - Kopie von: C:\Users\Stefan\OneDrive - BRG Frauengasse\Dokumente\MyWorkStuff\ImageScale\_Bilder\DSC01069.JPG
2018-07-22 11:49:17 INFO  ImageTask:61 - Datei gelesen: C:\Users\Stefan\OneDrive - BRG Frauengasse\Dokumente\MyWorkStuff\ImageScale\_Bilder\DSC01069.JPG
2018-07-22 11:49:17 INFO  ImageTask:78 - 338690 Byte -> 338690 Byte
2018-07-22 11:49:17 INFO  ImageTask:82 - Kopie von: C:\Users\Stefan\OneDrive - BRG Frauengasse\Dokumente\MyWorkStuff\ImageScale\_Bilder\DSC01069.JPG
2018-07-22 11:49:17 INFO  ImageTask:87 - Datei gelesen: C:\Users\Stefan\OneDrive - BRG Frauengasse\Dokumente\MyWorkStuff\ImageScale\_Bilder\_thumbs\DSC01069.JPG
2018-07-22 11:49:17 INFO  ImageTask:95 - Umgerechnet zu JPG
2018-07-22 11:49:17 INFO  ImageTask:54 - Kopie von: C:\Users\Stefan\OneDrive - BRG Frauengasse\Dokumente\MyWorkStuff\ImageScale\_Bilder\DSC01071.JPG
2018-07-22 11:49:17 INFO  ImageTask:61 - Datei gelesen: C:\Users\Stefan\OneDrive - BRG Frauengasse\Dokumente\MyWorkStuff\ImageScale\_Bilder\DSC01071.JPG
2018-07-22 11:49:17 INFO  ImageTask:78 - 317898 Byte -> 317898 Byte
2018-07-22 11:49:17 INFO  ImageTask:82 - Kopie von: C:\Users\Stefan\OneDrive - BRG Frauengasse\Dokumente\MyWorkStuff\ImageScale\_Bilder\DSC01071.JPG
2018-07-22 11:49:17 INFO  ImageTask:87 - Datei gelesen: C:\Users\Stefan\OneDrive - BRG Frauengasse\Dokumente\MyWorkStuff\ImageScale\_Bilder\_thumbs\DSC01071.JPG
2018-07-22 11:49:17 INFO  ImageTask:95 - Umgerechnet zu JPG
2018-07-22 11:49:17 INFO  ImageTask:54 - Kopie von: C:\Users\Stefan\OneDrive - BRG Frauengasse\Dokumente\MyWorkStuff\ImageScale\_Bilder\DSC01074.JPG
2018-07-22 11:49:17 INFO  ImageTask:61 - Datei gelesen: C:\Users\Stefan\OneDrive - BRG Frauengasse\Dokumente\MyWorkStuff\ImageScale\_Bilder\DSC01074.JPG
2018-07-22 11:49:17 INFO  ImageTask:78 - 300913 Byte -> 300913 Byte
2018-07-22 11:49:17 INFO  ImageTask:82 - Kopie von: C:\Users\Stefan\OneDrive - BRG Frauengasse\Dokumente\MyWorkStuff\ImageScale\_Bilder\DSC01074.JPG
2018-07-22 11:49:17 INFO  ImageTask:87 - Datei gelesen: C:\Users\Stefan\OneDrive - BRG Frauengasse\Dokumente\MyWorkStuff\ImageScale\_Bilder\_thumbs\DSC01074.JPG
2018-07-22 11:49:17 INFO  ImageTask:95 - Umgerechnet zu JPG
2018-07-22 11:49:17 INFO  ImageTask:54 - Kopie von: C:\Users\Stefan\OneDrive - BRG Frauengasse\Dokumente\MyWorkStuff\ImageScale\_Bilder\DSC01075.JPG
2018-07-22 11:49:17 INFO  ImageTask:61 - Datei gelesen: C:\Users\Stefan\OneDrive - BRG Frauengasse\Dokumente\MyWorkStuff\ImageScale\_Bilder\DSC01075.JPG
2018-07-22 11:49:17 INFO  ImageTask:78 - 280371 Byte -> 280371 Byte
2018-07-22 11:49:17 INFO  ImageTask:82 - Kopie von: C:\Users\Stefan\OneDrive - BRG Frauengasse\Dokumente\MyWorkStuff\ImageScale\_Bilder\DSC01075.JPG
2018-07-22 11:49:17 INFO  ImageTask:87 - Datei gelesen: C:\Users\Stefan\OneDrive - BRG Frauengasse\Dokumente\MyWorkStuff\ImageScale\_Bilder\_thumbs\DSC01075.JPG
2018-07-22 11:49:17 INFO  ImageTask:95 - Umgerechnet zu JPG
2018-07-22 11:49:17 INFO  ImageTask:54 - Kopie von: C:\Users\Stefan\OneDrive - BRG Frauengasse\Dokumente\MyWorkStuff\ImageScale\_Bilder\DSC01081.JPG
2018-07-22 11:49:17 INFO  ImageTask:61 - Datei gelesen: C:\Users\Stefan\OneDrive - BRG Frauengasse\Dokumente\MyWorkStuff\ImageScale\_Bilder\DSC01081.JPG
2018-07-22 11:49:17 INFO  ImageTask:78 - 290246 Byte -> 290246 Byte
2018-07-22 11:49:17 INFO  ImageTask:82 - Kopie von: C:\Users\Stefan\OneDrive - BRG Frauengasse\Dokumente\MyWorkStuff\ImageScale\_Bilder\DSC01081.JPG
2018-07-22 11:49:17 INFO  ImageTask:87 - Datei gelesen: C:\Users\Stefan\OneDrive - BRG Frauengasse\Dokumente\MyWorkStuff\ImageScale\_Bilder\_thumbs\DSC01081.JPG
2018-07-22 11:49:18 INFO  ImageTask:95 - Umgerechnet zu JPG
2018-07-22 11:49:18 INFO  ImageTask:54 - Kopie von: C:\Users\Stefan\OneDrive - BRG Frauengasse\Dokumente\MyWorkStuff\ImageScale\_Bilder\DSC01084.JPG
2018-07-22 11:49:18 INFO  ImageTask:61 - Datei gelesen: C:\Users\Stefan\OneDrive - BRG Frauengasse\Dokumente\MyWorkStuff\ImageScale\_Bilder\DSC01084.JPG
2018-07-22 11:49:18 INFO  ImageTask:78 - 272514 Byte -> 272514 Byte
2018-07-22 11:49:18 INFO  ImageTask:82 - Kopie von: C:\Users\Stefan\OneDrive - BRG Frauengasse\Dokumente\MyWorkStuff\ImageScale\_Bilder\DSC01084.JPG
2018-07-22 11:49:18 INFO  ImageTask:87 - Datei gelesen: C:\Users\Stefan\OneDrive - BRG Frauengasse\Dokumente\MyWorkStuff\ImageScale\_Bilder\_thumbs\DSC01084.JPG
2018-07-22 11:49:18 INFO  ImageTask:95 - Umgerechnet zu JPG
2018-07-22 11:49:18 INFO  ImageTask:54 - Kopie von: C:\Users\Stefan\OneDrive - BRG Frauengasse\Dokumente\MyWorkStuff\ImageScale\_Bilder\DSC01103.JPG
2018-07-22 11:49:18 INFO  ImageTask:61 - Datei gelesen: C:\Users\Stefan\OneDrive - BRG Frauengasse\Dokumente\MyWorkStuff\ImageScale\_Bilder\DSC01103.JPG
2018-07-22 11:49:18 INFO  ImageTask:78 - 297858 Byte -> 297858 Byte
2018-07-22 11:49:18 INFO  ImageTask:82 - Kopie von: C:\Users\Stefan\OneDrive - BRG Frauengasse\Dokumente\MyWorkStuff\ImageScale\_Bilder\DSC01103.JPG
2018-07-22 11:49:18 INFO  ImageTask:87 - Datei gelesen: C:\Users\Stefan\OneDrive - BRG Frauengasse\Dokumente\MyWorkStuff\ImageScale\_Bilder\_thumbs\DSC01103.JPG
2018-07-22 11:49:18 INFO  ImageTask:95 - Umgerechnet zu JPG
2018-07-22 11:49:18 INFO  ImageTask:54 - Kopie von: C:\Users\Stefan\OneDrive - BRG Frauengasse\Dokumente\MyWorkStuff\ImageScale\_Bilder\DSC01113.JPG
2018-07-22 11:49:18 INFO  ImageTask:61 - Datei gelesen: C:\Users\Stefan\OneDrive - BRG Frauengasse\Dokumente\MyWorkStuff\ImageScale\_Bilder\DSC01113.JPG
2018-07-22 11:49:18 INFO  ImageTask:78 - 242921 Byte -> 242921 Byte
2018-07-22 11:49:18 INFO  ImageTask:82 - Kopie von: C:\Users\Stefan\OneDrive - BRG Frauengasse\Dokumente\MyWorkStuff\ImageScale\_Bilder\DSC01113.JPG
2018-07-22 11:49:18 INFO  ImageTask:87 - Datei gelesen: C:\Users\Stefan\OneDrive - BRG Frauengasse\Dokumente\MyWorkStuff\ImageScale\_Bilder\_thumbs\DSC01113.JPG
2018-07-22 11:49:18 INFO  ImageTask:95 - Umgerechnet zu JPG
2018-07-22 11:49:18 INFO  ImageTask:54 - Kopie von: C:\Users\Stefan\OneDrive - BRG Frauengasse\Dokumente\MyWorkStuff\ImageScale\_Bilder\DSC01114.JPG
2018-07-22 11:49:18 INFO  ImageTask:61 - Datei gelesen: C:\Users\Stefan\OneDrive - BRG Frauengasse\Dokumente\MyWorkStuff\ImageScale\_Bilder\DSC01114.JPG
2018-07-22 11:49:18 INFO  ImageTask:78 - 224021 Byte -> 224021 Byte
2018-07-22 11:49:18 INFO  ImageTask:82 - Kopie von: C:\Users\Stefan\OneDrive - BRG Frauengasse\Dokumente\MyWorkStuff\ImageScale\_Bilder\DSC01114.JPG
2018-07-22 11:49:18 INFO  ImageTask:87 - Datei gelesen: C:\Users\Stefan\OneDrive - BRG Frauengasse\Dokumente\MyWorkStuff\ImageScale\_Bilder\_thumbs\DSC01114.JPG
2018-07-22 11:49:19 INFO  ImageTask:95 - Umgerechnet zu JPG
2018-07-22 11:49:19 INFO  ImageTask:54 - Kopie von: C:\Users\Stefan\OneDrive - BRG Frauengasse\Dokumente\MyWorkStuff\ImageScale\_Bilder\DSC01116.JPG
2018-07-22 11:49:20 INFO  ImageTask:61 - Datei gelesen: C:\Users\Stefan\OneDrive - BRG Frauengasse\Dokumente\MyWorkStuff\ImageScale\_Bilder\DSC01116.JPG
2018-07-22 11:49:20 INFO  ImageTask:70 - Umgerechnet zu JPG
2018-07-22 11:49:20 INFO  ImageTask:78 - 12123035 Byte -> 237927 Byte
2018-07-22 11:49:20 INFO  ImageTask:82 - Kopie von: C:\Users\Stefan\OneDrive - BRG Frauengasse\Dokumente\MyWorkStuff\ImageScale\_Bilder\DSC01116.JPG
2018-07-22 11:49:20 INFO  ImageTask:87 - Datei gelesen: C:\Users\Stefan\OneDrive - BRG Frauengasse\Dokumente\MyWorkStuff\ImageScale\_Bilder\_thumbs\DSC01116.JPG
2018-07-22 11:49:20 INFO  ImageTask:95 - Umgerechnet zu JPG
2018-07-22 11:49:20 INFO  ImageTask:54 - Kopie von: C:\Users\Stefan\OneDrive - BRG Frauengasse\Dokumente\MyWorkStuff\ImageScale\_Bilder\DSC01124.JPG
2018-07-22 11:49:21 INFO  ImageTask:61 - Datei gelesen: C:\Users\Stefan\OneDrive - BRG Frauengasse\Dokumente\MyWorkStuff\ImageScale\_Bilder\DSC01124.JPG
2018-07-22 11:49:21 INFO  ImageTask:70 - Umgerechnet zu JPG
2018-07-22 11:49:21 INFO  ImageTask:78 - 11300605 Byte -> 206992 Byte
2018-07-22 11:49:21 INFO  ImageTask:82 - Kopie von: C:\Users\Stefan\OneDrive - BRG Frauengasse\Dokumente\MyWorkStuff\ImageScale\_Bilder\DSC01124.JPG
2018-07-22 11:49:21 INFO  ImageTask:87 - Datei gelesen: C:\Users\Stefan\OneDrive - BRG Frauengasse\Dokumente\MyWorkStuff\ImageScale\_Bilder\_thumbs\DSC01124.JPG
2018-07-22 11:49:22 INFO  ImageTask:95 - Umgerechnet zu JPG
2018-07-22 11:49:22 INFO  ImageTask:54 - Kopie von: C:\Users\Stefan\OneDrive - BRG Frauengasse\Dokumente\MyWorkStuff\ImageScale\_Bilder\DSC01126.JPG
2018-07-22 11:49:23 INFO  ImageTask:61 - Datei gelesen: C:\Users\Stefan\OneDrive - BRG Frauengasse\Dokumente\MyWorkStuff\ImageScale\_Bilder\DSC01126.JPG
2018-07-22 11:49:23 INFO  ImageTask:70 - Umgerechnet zu JPG
2018-07-22 11:49:23 INFO  ImageTask:78 - 11523068 Byte -> 199642 Byte
2018-07-22 11:49:23 INFO  ImageTask:82 - Kopie von: C:\Users\Stefan\OneDrive - BRG Frauengasse\Dokumente\MyWorkStuff\ImageScale\_Bilder\DSC01126.JPG
2018-07-22 11:49:23 INFO  ImageTask:87 - Datei gelesen: C:\Users\Stefan\OneDrive - BRG Frauengasse\Dokumente\MyWorkStuff\ImageScale\_Bilder\_thumbs\DSC01126.JPG
2018-07-22 11:49:23 INFO  ImageTask:95 - Umgerechnet zu JPG
2018-07-22 11:49:23 INFO  ImageTask:54 - Kopie von: C:\Users\Stefan\OneDrive - BRG Frauengasse\Dokumente\MyWorkStuff\ImageScale\_Bilder\DSC01131.JPG
2018-07-22 11:49:23 INFO  ImageTask:61 - Datei gelesen: C:\Users\Stefan\OneDrive - BRG Frauengasse\Dokumente\MyWorkStuff\ImageScale\_Bilder\DSC01131.JPG
2018-07-22 11:49:23 INFO  ImageTask:78 - 251853 Byte -> 251853 Byte
2018-07-22 11:49:23 INFO  ImageTask:82 - Kopie von: C:\Users\Stefan\OneDrive - BRG Frauengasse\Dokumente\MyWorkStuff\ImageScale\_Bilder\DSC01131.JPG
2018-07-22 11:49:23 INFO  ImageTask:87 - Datei gelesen: C:\Users\Stefan\OneDrive - BRG Frauengasse\Dokumente\MyWorkStuff\ImageScale\_Bilder\_thumbs\DSC01131.JPG
2018-07-22 11:49:23 INFO  ImageTask:95 - Umgerechnet zu JPG
2018-07-22 11:49:23 INFO  ImageTask:54 - Kopie von: C:\Users\Stefan\OneDrive - BRG Frauengasse\Dokumente\MyWorkStuff\ImageScale\_Bilder\DSC01145.JPG
2018-07-22 11:49:23 INFO  ImageTask:61 - Datei gelesen: C:\Users\Stefan\OneDrive - BRG Frauengasse\Dokumente\MyWorkStuff\ImageScale\_Bilder\DSC01145.JPG
2018-07-22 11:49:23 INFO  ImageTask:78 - 300797 Byte -> 300797 Byte
2018-07-22 11:49:23 INFO  ImageTask:82 - Kopie von: C:\Users\Stefan\OneDrive - BRG Frauengasse\Dokumente\MyWorkStuff\ImageScale\_Bilder\DSC01145.JPG
2018-07-22 11:49:23 INFO  ImageTask:87 - Datei gelesen: C:\Users\Stefan\OneDrive - BRG Frauengasse\Dokumente\MyWorkStuff\ImageScale\_Bilder\_thumbs\DSC01145.JPG
2018-07-22 11:49:23 INFO  ImageTask:95 - Umgerechnet zu JPG
2018-07-22 11:49:23 INFO  ImageTask:54 - Kopie von: C:\Users\Stefan\OneDrive - BRG Frauengasse\Dokumente\MyWorkStuff\ImageScale\_Bilder\DSC01161.JPG
2018-07-22 11:49:25 INFO  ImageTask:61 - Datei gelesen: C:\Users\Stefan\OneDrive - BRG Frauengasse\Dokumente\MyWorkStuff\ImageScale\_Bilder\DSC01161.JPG
2018-07-22 11:49:25 INFO  ImageTask:70 - Umgerechnet zu JPG
2018-07-22 11:49:25 INFO  ImageTask:78 - 15812801 Byte -> 350434 Byte
2018-07-22 11:49:25 INFO  ImageTask:82 - Kopie von: C:\Users\Stefan\OneDrive - BRG Frauengasse\Dokumente\MyWorkStuff\ImageScale\_Bilder\DSC01161.JPG
2018-07-22 11:49:25 INFO  ImageTask:87 - Datei gelesen: C:\Users\Stefan\OneDrive - BRG Frauengasse\Dokumente\MyWorkStuff\ImageScale\_Bilder\_thumbs\DSC01161.JPG
2018-07-22 11:49:25 INFO  ImageTask:95 - Umgerechnet zu JPG
2018-07-22 11:49:25 INFO  ImageTask:54 - Kopie von: C:\Users\Stefan\OneDrive - BRG Frauengasse\Dokumente\MyWorkStuff\ImageScale\_Bilder\DSC01195.JPG
2018-07-22 11:49:26 INFO  ImageTask:61 - Datei gelesen: C:\Users\Stefan\OneDrive - BRG Frauengasse\Dokumente\MyWorkStuff\ImageScale\_Bilder\DSC01195.JPG
2018-07-22 11:49:26 INFO  ImageTask:70 - Umgerechnet zu JPG
2018-07-22 11:49:26 INFO  ImageTask:78 - 12732209 Byte -> 241022 Byte
2018-07-22 11:49:26 INFO  ImageTask:82 - Kopie von: C:\Users\Stefan\OneDrive - BRG Frauengasse\Dokumente\MyWorkStuff\ImageScale\_Bilder\DSC01195.JPG
2018-07-22 11:49:27 INFO  ImageTask:87 - Datei gelesen: C:\Users\Stefan\OneDrive - BRG Frauengasse\Dokumente\MyWorkStuff\ImageScale\_Bilder\_thumbs\DSC01195.JPG
2018-07-22 11:49:27 INFO  ImageTask:95 - Umgerechnet zu JPG
2018-07-22 11:49:27 INFO  ImageTask:54 - Kopie von: C:\Users\Stefan\OneDrive - BRG Frauengasse\Dokumente\MyWorkStuff\ImageScale\_Bilder\DSC01198.JPG
2018-07-22 11:49:28 INFO  ImageTask:61 - Datei gelesen: C:\Users\Stefan\OneDrive - BRG Frauengasse\Dokumente\MyWorkStuff\ImageScale\_Bilder\DSC01198.JPG
2018-07-22 11:49:28 INFO  ImageTask:70 - Umgerechnet zu JPG
2018-07-22 11:49:28 INFO  ImageTask:78 - 12866260 Byte -> 247376 Byte
2018-07-22 11:49:28 INFO  ImageTask:82 - Kopie von: C:\Users\Stefan\OneDrive - BRG Frauengasse\Dokumente\MyWorkStuff\ImageScale\_Bilder\DSC01198.JPG
2018-07-22 11:49:28 INFO  ImageTask:87 - Datei gelesen: C:\Users\Stefan\OneDrive - BRG Frauengasse\Dokumente\MyWorkStuff\ImageScale\_Bilder\_thumbs\DSC01198.JPG
2018-07-22 11:49:28 INFO  ImageTask:95 - Umgerechnet zu JPG
2018-07-22 11:49:28 INFO  ImageTask:54 - Kopie von: C:\Users\Stefan\OneDrive - BRG Frauengasse\Dokumente\MyWorkStuff\ImageScale\_Bilder\DSC01263.JPG
2018-07-22 11:49:28 INFO  ImageTask:61 - Datei gelesen: C:\Users\Stefan\OneDrive - BRG Frauengasse\Dokumente\MyWorkStuff\ImageScale\_Bilder\DSC01263.JPG
2018-07-22 11:49:28 INFO  ImageTask:78 - 265925 Byte -> 265925 Byte
2018-07-22 11:49:28 INFO  ImageTask:82 - Kopie von: C:\Users\Stefan\OneDrive - BRG Frauengasse\Dokumente\MyWorkStuff\ImageScale\_Bilder\DSC01263.JPG
2018-07-22 11:49:28 INFO  ImageTask:87 - Datei gelesen: C:\Users\Stefan\OneDrive - BRG Frauengasse\Dokumente\MyWorkStuff\ImageScale\_Bilder\_thumbs\DSC01263.JPG
2018-07-22 11:49:29 INFO  ImageTask:95 - Umgerechnet zu JPG
2018-07-22 11:49:29 INFO  ImageTask:54 - Kopie von: C:\Users\Stefan\OneDrive - BRG Frauengasse\Dokumente\MyWorkStuff\ImageScale\_Bilder\DSC01264.JPG
2018-07-22 11:49:30 INFO  ImageTask:61 - Datei gelesen: C:\Users\Stefan\OneDrive - BRG Frauengasse\Dokumente\MyWorkStuff\ImageScale\_Bilder\DSC01264.JPG
2018-07-22 11:49:30 INFO  ImageTask:70 - Umgerechnet zu JPG
2018-07-22 11:49:30 INFO  ImageTask:78 - 13375741 Byte -> 266231 Byte
2018-07-22 11:49:30 INFO  ImageTask:82 - Kopie von: C:\Users\Stefan\OneDrive - BRG Frauengasse\Dokumente\MyWorkStuff\ImageScale\_Bilder\DSC01264.JPG
2018-07-22 11:49:30 INFO  ImageTask:87 - Datei gelesen: C:\Users\Stefan\OneDrive - BRG Frauengasse\Dokumente\MyWorkStuff\ImageScale\_Bilder\_thumbs\DSC01264.JPG
2018-07-22 11:49:30 INFO  ImageTask:95 - Umgerechnet zu JPG
2018-07-22 11:49:30 INFO  ImageTask:54 - Kopie von: C:\Users\Stefan\OneDrive - BRG Frauengasse\Dokumente\MyWorkStuff\ImageScale\_Bilder\DSC01279.JPG
2018-07-22 11:49:31 INFO  ImageTask:61 - Datei gelesen: C:\Users\Stefan\OneDrive - BRG Frauengasse\Dokumente\MyWorkStuff\ImageScale\_Bilder\DSC01279.JPG
2018-07-22 11:49:31 INFO  ImageTask:70 - Umgerechnet zu JPG
2018-07-22 11:49:31 INFO  ImageTask:78 - 11844447 Byte -> 188102 Byte
2018-07-22 11:49:31 INFO  ImageTask:82 - Kopie von: C:\Users\Stefan\OneDrive - BRG Frauengasse\Dokumente\MyWorkStuff\ImageScale\_Bilder\DSC01279.JPG
2018-07-22 11:49:31 INFO  ImageTask:87 - Datei gelesen: C:\Users\Stefan\OneDrive - BRG Frauengasse\Dokumente\MyWorkStuff\ImageScale\_Bilder\_thumbs\DSC01279.JPG
2018-07-22 11:49:31 INFO  ImageTask:95 - Umgerechnet zu JPG
2018-07-22 11:49:31 INFO  ImageTask:54 - Kopie von: C:\Users\Stefan\OneDrive - BRG Frauengasse\Dokumente\MyWorkStuff\ImageScale\_Bilder\DSC01287.JPG
2018-07-22 11:49:33 INFO  ImageTask:61 - Datei gelesen: C:\Users\Stefan\OneDrive - BRG Frauengasse\Dokumente\MyWorkStuff\ImageScale\_Bilder\DSC01287.JPG
2018-07-22 11:49:33 INFO  ImageTask:70 - Umgerechnet zu JPG
2018-07-22 11:49:33 INFO  ImageTask:78 - 10774918 Byte -> 209421 Byte
2018-07-22 11:49:33 INFO  ImageTask:82 - Kopie von: C:\Users\Stefan\OneDrive - BRG Frauengasse\Dokumente\MyWorkStuff\ImageScale\_Bilder\DSC01287.JPG
2018-07-22 11:49:33 INFO  ImageTask:87 - Datei gelesen: C:\Users\Stefan\OneDrive - BRG Frauengasse\Dokumente\MyWorkStuff\ImageScale\_Bilder\_thumbs\DSC01287.JPG
2018-07-22 11:49:33 INFO  ImageTask:95 - Umgerechnet zu JPG
2018-07-22 11:49:33 INFO  ImageTask:54 - Kopie von: C:\Users\Stefan\OneDrive - BRG Frauengasse\Dokumente\MyWorkStuff\ImageScale\_Bilder\DSC01294.JPG
2018-07-22 11:49:34 INFO  ImageTask:61 - Datei gelesen: C:\Users\Stefan\OneDrive - BRG Frauengasse\Dokumente\MyWorkStuff\ImageScale\_Bilder\DSC01294.JPG
2018-07-22 11:49:34 INFO  ImageTask:70 - Umgerechnet zu JPG
2018-07-22 11:49:34 INFO  ImageTask:78 - 10290693 Byte -> 186507 Byte
2018-07-22 11:49:34 INFO  ImageTask:82 - Kopie von: C:\Users\Stefan\OneDrive - BRG Frauengasse\Dokumente\MyWorkStuff\ImageScale\_Bilder\DSC01294.JPG
2018-07-22 11:49:34 INFO  ImageTask:87 - Datei gelesen: C:\Users\Stefan\OneDrive - BRG Frauengasse\Dokumente\MyWorkStuff\ImageScale\_Bilder\_thumbs\DSC01294.JPG
2018-07-22 11:49:34 INFO  ImageTask:95 - Umgerechnet zu JPG
2018-07-22 11:49:34 INFO  ImageTask:54 - Kopie von: C:\Users\Stefan\OneDrive - BRG Frauengasse\Dokumente\MyWorkStuff\ImageScale\_Bilder\DSC01297.JPG
2018-07-22 11:49:35 INFO  ImageTask:61 - Datei gelesen: C:\Users\Stefan\OneDrive - BRG Frauengasse\Dokumente\MyWorkStuff\ImageScale\_Bilder\DSC01297.JPG
2018-07-22 11:49:36 INFO  ImageTask:70 - Umgerechnet zu JPG
2018-07-22 11:49:36 INFO  ImageTask:78 - 10685100 Byte -> 215636 Byte
2018-07-22 11:49:36 INFO  ImageTask:82 - Kopie von: C:\Users\Stefan\OneDrive - BRG Frauengasse\Dokumente\MyWorkStuff\ImageScale\_Bilder\DSC01297.JPG
2018-07-22 11:49:36 INFO  ImageTask:87 - Datei gelesen: C:\Users\Stefan\OneDrive - BRG Frauengasse\Dokumente\MyWorkStuff\ImageScale\_Bilder\_thumbs\DSC01297.JPG
2018-07-22 11:49:36 INFO  ImageTask:95 - Umgerechnet zu JPG
2018-07-22 11:49:36 INFO  ImageTask:54 - Kopie von: C:\Users\Stefan\OneDrive - BRG Frauengasse\Dokumente\MyWorkStuff\ImageScale\_Bilder\DSC01305.JPG
2018-07-22 11:49:37 INFO  ImageTask:61 - Datei gelesen: C:\Users\Stefan\OneDrive - BRG Frauengasse\Dokumente\MyWorkStuff\ImageScale\_Bilder\DSC01305.JPG
2018-07-22 11:49:37 INFO  ImageTask:70 - Umgerechnet zu JPG
2018-07-22 11:49:37 INFO  ImageTask:78 - 10973436 Byte -> 217633 Byte
2018-07-22 11:49:37 INFO  ImageTask:82 - Kopie von: C:\Users\Stefan\OneDrive - BRG Frauengasse\Dokumente\MyWorkStuff\ImageScale\_Bilder\DSC01305.JPG
2018-07-22 11:49:37 INFO  ImageTask:87 - Datei gelesen: C:\Users\Stefan\OneDrive - BRG Frauengasse\Dokumente\MyWorkStuff\ImageScale\_Bilder\_thumbs\DSC01305.JPG
2018-07-22 11:49:37 INFO  ImageTask:95 - Umgerechnet zu JPG
2018-07-22 11:49:37 INFO  ImageTask:54 - Kopie von: C:\Users\Stefan\OneDrive - BRG Frauengasse\Dokumente\MyWorkStuff\ImageScale\_Bilder\DSC01317.JPG
2018-07-22 11:49:38 INFO  ImageTask:61 - Datei gelesen: C:\Users\Stefan\OneDrive - BRG Frauengasse\Dokumente\MyWorkStuff\ImageScale\_Bilder\DSC01317.JPG
2018-07-22 11:49:38 INFO  ImageTask:70 - Umgerechnet zu JPG
2018-07-22 11:49:38 INFO  ImageTask:78 - 11021438 Byte -> 218462 Byte
2018-07-22 11:49:38 INFO  ImageTask:82 - Kopie von: C:\Users\Stefan\OneDrive - BRG Frauengasse\Dokumente\MyWorkStuff\ImageScale\_Bilder\DSC01317.JPG
2018-07-22 11:49:38 INFO  ImageTask:87 - Datei gelesen: C:\Users\Stefan\OneDrive - BRG Frauengasse\Dokumente\MyWorkStuff\ImageScale\_Bilder\_thumbs\DSC01317.JPG
2018-07-22 11:49:39 INFO  ImageTask:95 - Umgerechnet zu JPG
2018-07-22 11:49:39 INFO  ImageTask:54 - Kopie von: C:\Users\Stefan\OneDrive - BRG Frauengasse\Dokumente\MyWorkStuff\ImageScale\_Bilder\DSC01322.JPG
2018-07-22 11:49:40 INFO  ImageTask:61 - Datei gelesen: C:\Users\Stefan\OneDrive - BRG Frauengasse\Dokumente\MyWorkStuff\ImageScale\_Bilder\DSC01322.JPG
2018-07-22 11:49:40 INFO  ImageTask:70 - Umgerechnet zu JPG
2018-07-22 11:49:40 INFO  ImageTask:78 - 11487064 Byte -> 231881 Byte
2018-07-22 11:49:40 INFO  ImageTask:82 - Kopie von: C:\Users\Stefan\OneDrive - BRG Frauengasse\Dokumente\MyWorkStuff\ImageScale\_Bilder\DSC01322.JPG
2018-07-22 11:49:40 INFO  ImageTask:87 - Datei gelesen: C:\Users\Stefan\OneDrive - BRG Frauengasse\Dokumente\MyWorkStuff\ImageScale\_Bilder\_thumbs\DSC01322.JPG
2018-07-22 11:49:40 INFO  ImageTask:95 - Umgerechnet zu JPG
2018-07-22 11:49:40 INFO  ImageTask:54 - Kopie von: C:\Users\Stefan\OneDrive - BRG Frauengasse\Dokumente\MyWorkStuff\ImageScale\_Bilder\DSC01334.JPG
2018-07-22 11:49:40 INFO  ImageTask:61 - Datei gelesen: C:\Users\Stefan\OneDrive - BRG Frauengasse\Dokumente\MyWorkStuff\ImageScale\_Bilder\DSC01334.JPG
2018-07-22 11:49:40 INFO  ImageTask:70 - Umgerechnet zu JPG
2018-07-22 11:49:40 INFO  ImageTask:78 - 3039511 Byte -> 201823 Byte
2018-07-22 11:49:40 INFO  ImageTask:82 - Kopie von: C:\Users\Stefan\OneDrive - BRG Frauengasse\Dokumente\MyWorkStuff\ImageScale\_Bilder\DSC01334.JPG
2018-07-22 11:49:41 INFO  ImageTask:87 - Datei gelesen: C:\Users\Stefan\OneDrive - BRG Frauengasse\Dokumente\MyWorkStuff\ImageScale\_Bilder\_thumbs\DSC01334.JPG
2018-07-22 11:49:41 INFO  ImageTask:95 - Umgerechnet zu JPG
2018-07-22 11:49:41 INFO  ImageTask:54 - Kopie von: C:\Users\Stefan\OneDrive - BRG Frauengasse\Dokumente\MyWorkStuff\ImageScale\_Bilder\DSC01341.JPG
2018-07-22 11:49:42 INFO  ImageTask:61 - Datei gelesen: C:\Users\Stefan\OneDrive - BRG Frauengasse\Dokumente\MyWorkStuff\ImageScale\_Bilder\DSC01341.JPG
2018-07-22 11:49:42 INFO  ImageTask:70 - Umgerechnet zu JPG
2018-07-22 11:49:42 INFO  ImageTask:78 - 10800935 Byte -> 206815 Byte
2018-07-22 11:49:42 INFO  ImageTask:82 - Kopie von: C:\Users\Stefan\OneDrive - BRG Frauengasse\Dokumente\MyWorkStuff\ImageScale\_Bilder\DSC01341.JPG
2018-07-22 11:49:42 INFO  ImageTask:87 - Datei gelesen: C:\Users\Stefan\OneDrive - BRG Frauengasse\Dokumente\MyWorkStuff\ImageScale\_Bilder\_thumbs\DSC01341.JPG
2018-07-22 11:49:42 INFO  ImageTask:95 - Umgerechnet zu JPG
2018-07-22 11:49:42 INFO  ImageTask:54 - Kopie von: C:\Users\Stefan\OneDrive - BRG Frauengasse\Dokumente\MyWorkStuff\ImageScale\_Bilder\DSC01360.JPG
2018-07-22 11:49:43 INFO  ImageTask:61 - Datei gelesen: C:\Users\Stefan\OneDrive - BRG Frauengasse\Dokumente\MyWorkStuff\ImageScale\_Bilder\DSC01360.JPG
2018-07-22 11:49:44 INFO  ImageTask:70 - Umgerechnet zu JPG
2018-07-22 11:49:44 INFO  ImageTask:78 - 12052090 Byte -> 256871 Byte
2018-07-22 11:49:44 INFO  ImageTask:82 - Kopie von: C:\Users\Stefan\OneDrive - BRG Frauengasse\Dokumente\MyWorkStuff\ImageScale\_Bilder\DSC01360.JPG
2018-07-22 11:49:44 INFO  ImageTask:87 - Datei gelesen: C:\Users\Stefan\OneDrive - BRG Frauengasse\Dokumente\MyWorkStuff\ImageScale\_Bilder\_thumbs\DSC01360.JPG
2018-07-22 11:49:44 INFO  ImageTask:95 - Umgerechnet zu JPG
2018-07-22 11:49:44 INFO  MainWindowController:205 - Alle Tasks fertig
