2017-11-23 12:34:25 INFO  ImageTask:48 - Kopie von: C:\Users\Stefan\OneDrive - BRG Frauengasse\Dokumente\MyWorkStuff\ImageScale\_Bilder\IMG_0635.JPG
2017-11-23 12:34:25 INFO  ImageTask:48 - Kopie von: C:\Users\Stefan\OneDrive - BRG Frauengasse\Dokumente\MyWorkStuff\ImageScale\_Bilder\IMG_0638.JPG
2017-11-23 12:34:25 INFO  ImageTask:48 - Kopie von: C:\Users\Stefan\OneDrive - BRG Frauengasse\Dokumente\MyWorkStuff\ImageScale\_Bilder\IMG_0647.JPG
2017-11-23 12:34:25 INFO  ImageTask:48 - Kopie von: C:\Users\Stefan\OneDrive - BRG Frauengasse\Dokumente\MyWorkStuff\ImageScale\_Bilder\IMG_0663.JPG
2017-11-23 12:34:25 INFO  ImageTask:48 - Kopie von: C:\Users\Stefan\OneDrive - BRG Frauengasse\Dokumente\MyWorkStuff\ImageScale\_Bilder\IMG_0669.JPG
2017-11-23 12:34:25 INFO  ImageTask:48 - Kopie von: C:\Users\Stefan\OneDrive - BRG Frauengasse\Dokumente\MyWorkStuff\ImageScale\_Bilder\IMG_0677.JPG
2017-11-23 12:34:25 INFO  ImageTask:48 - Kopie von: C:\Users\Stefan\OneDrive - BRG Frauengasse\Dokumente\MyWorkStuff\ImageScale\_Bilder\IMG_4333.JPG
2017-11-23 12:34:25 INFO  ImageTask:57 - Datei gelesen: C:\Users\Stefan\OneDrive - BRG Frauengasse\Dokumente\MyWorkStuff\ImageScale\_Bilder\IMG_0635.JPG
2017-11-23 12:34:25 INFO  ImageTask:57 - Datei gelesen: C:\Users\Stefan\OneDrive - BRG Frauengasse\Dokumente\MyWorkStuff\ImageScale\_Bilder\IMG_0638.JPG
2017-11-23 12:34:25 INFO  ImageTask:57 - Datei gelesen: C:\Users\Stefan\OneDrive - BRG Frauengasse\Dokumente\MyWorkStuff\ImageScale\_Bilder\IMG_0647.JPG
2017-11-23 12:34:25 INFO  ImageTask:57 - Datei gelesen: C:\Users\Stefan\OneDrive - BRG Frauengasse\Dokumente\MyWorkStuff\ImageScale\_Bilder\IMG_4333.JPG
2017-11-23 12:34:25 INFO  ImageTask:61 - Umgerechnet zu JPG
2017-11-23 12:34:25 INFO  ImageTask:68 - 3830308Byte -> 177531
2017-11-23 12:34:25 INFO  ImageTask:61 - Umgerechnet zu JPG
2017-11-23 12:34:25 INFO  ImageTask:68 - 3207605Byte -> 148516
2017-11-23 12:34:25 INFO  ImageTask:57 - Datei gelesen: C:\Users\Stefan\OneDrive - BRG Frauengasse\Dokumente\MyWorkStuff\ImageScale\_Bilder\IMG_0663.JPG
2017-11-23 12:34:25 INFO  ImageTask:61 - Umgerechnet zu JPG
2017-11-23 12:34:25 INFO  ImageTask:68 - 3512151Byte -> 164135
2017-11-23 12:34:25 INFO  ImageTask:61 - Umgerechnet zu JPG
2017-11-23 12:34:25 INFO  ImageTask:68 - 2044591Byte -> 78235
2017-11-23 12:34:25 INFO  ImageTask:57 - Datei gelesen: C:\Users\Stefan\OneDrive - BRG Frauengasse\Dokumente\MyWorkStuff\ImageScale\_Bilder\IMG_0669.JPG
2017-11-23 12:34:25 INFO  ImageTask:61 - Umgerechnet zu JPG
2017-11-23 12:34:25 INFO  ImageTask:68 - 3788556Byte -> 176107
2017-11-23 12:34:25 INFO  ImageTask:57 - Datei gelesen: C:\Users\Stefan\OneDrive - BRG Frauengasse\Dokumente\MyWorkStuff\ImageScale\_Bilder\IMG_0677.JPG
2017-11-23 12:34:25 INFO  ImageTask:61 - Umgerechnet zu JPG
2017-11-23 12:34:25 INFO  ImageTask:68 - 3685237Byte -> 166395
2017-11-23 12:34:25 INFO  ImageTask:61 - Umgerechnet zu JPG
2017-11-23 12:34:25 INFO  ImageTask:68 - 3909891Byte -> 178358
2017-11-25 09:31:55 INFO  ImageTask:48 - Kopie von: C:\Users\Stefan\OneDrive - BRG Frauengasse\Dokumente\MyWorkStuff\ImageScale\_Bilder\IMG_4333.JPG
2017-11-25 09:31:55 INFO  ImageTask:57 - Datei gelesen: C:\Users\Stefan\OneDrive - BRG Frauengasse\Dokumente\MyWorkStuff\ImageScale\_Bilder\IMG_4333.JPG
2017-11-25 09:31:55 INFO  ImageTask:61 - Umgerechnet zu JPG
2017-11-25 09:31:55 INFO  ImageTask:68 - 78235 Byte -> 78235 Byte
2017-12-05 16:54:41 INFO  ImageTask:48 - Kopie von: C:\Users\Stefan\OneDrive - BRG Frauengasse\Dokumente\MyWorkStuff\ImageScale\_Bilder\20171127_111959.jpg
2017-12-05 16:54:41 INFO  ImageTask:48 - Kopie von: C:\Users\Stefan\OneDrive - BRG Frauengasse\Dokumente\MyWorkStuff\ImageScale\_Bilder\IMG_4333.JPG
2017-12-05 16:54:41 INFO  ImageTask:57 - Datei gelesen: C:\Users\Stefan\OneDrive - BRG Frauengasse\Dokumente\MyWorkStuff\ImageScale\_Bilder\IMG_4333.JPG
2017-12-05 16:54:41 INFO  ImageTask:48 - Kopie von: C:\Users\Stefan\OneDrive - BRG Frauengasse\Dokumente\MyWorkStuff\ImageScale\_Bilder\Kirchenkonzert2017_030.jpg
2017-12-05 16:54:41 INFO  ImageTask:48 - Kopie von: C:\Users\Stefan\OneDrive - BRG Frauengasse\Dokumente\MyWorkStuff\ImageScale\_Bilder\Kirchenkonzert2017_043.jpg
2017-12-05 16:54:41 INFO  ImageTask:61 - Umgerechnet zu JPG
2017-12-05 16:54:41 INFO  ImageTask:68 - 78235 Byte -> 78235 Byte
2017-12-05 16:54:41 INFO  ImageTask:48 - Kopie von: C:\Users\Stefan\OneDrive - BRG Frauengasse\Dokumente\MyWorkStuff\ImageScale\_Bilder\Kirchenkonzert2017_051.jpg
2017-12-05 16:54:41 INFO  ImageTask:48 - Kopie von: C:\Users\Stefan\OneDrive - BRG Frauengasse\Dokumente\MyWorkStuff\ImageScale\_Bilder\Kirchenkonzert2017_068.jpg
2017-12-05 16:54:41 INFO  ImageTask:57 - Datei gelesen: C:\Users\Stefan\OneDrive - BRG Frauengasse\Dokumente\MyWorkStuff\ImageScale\_Bilder\Kirchenkonzert2017_030.jpg
2017-12-05 16:54:41 INFO  ImageTask:57 - Datei gelesen: C:\Users\Stefan\OneDrive - BRG Frauengasse\Dokumente\MyWorkStuff\ImageScale\_Bilder\Kirchenkonzert2017_043.jpg
2017-12-05 16:54:42 INFO  ImageTask:57 - Datei gelesen: C:\Users\Stefan\OneDrive - BRG Frauengasse\Dokumente\MyWorkStuff\ImageScale\_Bilder\Kirchenkonzert2017_051.jpg
2017-12-05 16:54:42 INFO  ImageTask:61 - Umgerechnet zu JPG
2017-12-05 16:54:42 INFO  ImageTask:68 - 1503205 Byte -> 139611 Byte
2017-12-05 16:54:42 INFO  ImageTask:61 - Umgerechnet zu JPG
2017-12-05 16:54:42 INFO  ImageTask:68 - 1479013 Byte -> 132363 Byte
2017-12-05 16:54:42 INFO  ImageTask:57 - Datei gelesen: C:\Users\Stefan\OneDrive - BRG Frauengasse\Dokumente\MyWorkStuff\ImageScale\_Bilder\Kirchenkonzert2017_068.jpg
2017-12-05 16:54:42 INFO  ImageTask:61 - Umgerechnet zu JPG
2017-12-05 16:54:42 INFO  ImageTask:68 - 1388455 Byte -> 128008 Byte
2017-12-05 16:54:42 INFO  ImageTask:61 - Umgerechnet zu JPG
2017-12-05 16:54:42 INFO  ImageTask:68 - 1760236 Byte -> 148840 Byte
2017-12-05 16:54:43 INFO  ImageTask:57 - Datei gelesen: C:\Users\Stefan\OneDrive - BRG Frauengasse\Dokumente\MyWorkStuff\ImageScale\_Bilder\20171127_111959.jpg
2017-12-05 16:54:43 INFO  ImageTask:61 - Umgerechnet zu JPG
2017-12-05 16:54:43 INFO  ImageTask:68 - 2822483 Byte -> 90982 Byte
2017-12-05 16:55:43 INFO  ImageTask:48 - Kopie von: C:\Users\Stefan\OneDrive - BRG Frauengasse\Dokumente\MyWorkStuff\ImageScale\_Bilder\20171127_111959.jpg
2017-12-05 16:55:43 INFO  ImageTask:57 - Datei gelesen: C:\Users\Stefan\OneDrive - BRG Frauengasse\Dokumente\MyWorkStuff\ImageScale\_Bilder\20171127_111959.jpg
2017-12-05 16:55:43 INFO  ImageTask:48 - Kopie von: C:\Users\Stefan\OneDrive - BRG Frauengasse\Dokumente\MyWorkStuff\ImageScale\_Bilder\IMG_4333.JPG
2017-12-05 16:55:43 INFO  ImageTask:57 - Datei gelesen: C:\Users\Stefan\OneDrive - BRG Frauengasse\Dokumente\MyWorkStuff\ImageScale\_Bilder\IMG_4333.JPG
2017-12-05 16:55:43 INFO  ImageTask:61 - Umgerechnet zu JPG
2017-12-05 16:55:43 INFO  ImageTask:68 - 90982 Byte -> 90968 Byte
2017-12-05 16:55:43 INFO  ImageTask:61 - Umgerechnet zu JPG
2017-12-05 16:55:43 INFO  ImageTask:68 - 78235 Byte -> 78235 Byte
2017-12-05 16:55:43 INFO  ImageTask:48 - Kopie von: C:\Users\Stefan\OneDrive - BRG Frauengasse\Dokumente\MyWorkStuff\ImageScale\_Bilder\Kirchenkonzert2017_030.jpg
2017-12-05 16:55:43 INFO  ImageTask:57 - Datei gelesen: C:\Users\Stefan\OneDrive - BRG Frauengasse\Dokumente\MyWorkStuff\ImageScale\_Bilder\Kirchenkonzert2017_030.jpg
2017-12-05 16:55:43 INFO  ImageTask:61 - Umgerechnet zu JPG
2017-12-05 16:55:43 INFO  ImageTask:68 - 139611 Byte -> 139449 Byte
2017-12-05 16:55:43 INFO  ImageTask:48 - Kopie von: C:\Users\Stefan\OneDrive - BRG Frauengasse\Dokumente\MyWorkStuff\ImageScale\_Bilder\Kirchenkonzert2017_043.jpg
2017-12-05 16:55:43 INFO  ImageTask:57 - Datei gelesen: C:\Users\Stefan\OneDrive - BRG Frauengasse\Dokumente\MyWorkStuff\ImageScale\_Bilder\Kirchenkonzert2017_043.jpg
2017-12-05 16:55:43 INFO  ImageTask:61 - Umgerechnet zu JPG
2017-12-05 16:55:43 INFO  ImageTask:68 - 132363 Byte -> 132206 Byte
2017-12-05 16:55:43 INFO  ImageTask:48 - Kopie von: C:\Users\Stefan\OneDrive - BRG Frauengasse\Dokumente\MyWorkStuff\ImageScale\_Bilder\Kirchenkonzert2017_051.jpg
2017-12-05 16:55:43 INFO  ImageTask:57 - Datei gelesen: C:\Users\Stefan\OneDrive - BRG Frauengasse\Dokumente\MyWorkStuff\ImageScale\_Bilder\Kirchenkonzert2017_051.jpg
2017-12-05 16:55:43 INFO  ImageTask:61 - Umgerechnet zu JPG
2017-12-05 16:55:43 INFO  ImageTask:68 - 128008 Byte -> 127891 Byte
2017-12-05 16:55:43 INFO  ImageTask:48 - Kopie von: C:\Users\Stefan\OneDrive - BRG Frauengasse\Dokumente\MyWorkStuff\ImageScale\_Bilder\Kirchenkonzert2017_068.jpg
2017-12-05 16:55:43 INFO  ImageTask:57 - Datei gelesen: C:\Users\Stefan\OneDrive - BRG Frauengasse\Dokumente\MyWorkStuff\ImageScale\_Bilder\Kirchenkonzert2017_068.jpg
2017-12-05 16:55:43 INFO  ImageTask:61 - Umgerechnet zu JPG
2017-12-05 16:55:43 INFO  ImageTask:68 - 148840 Byte -> 148544 Byte
2017-12-05 16:56:16 INFO  ImageTask:48 - Kopie von: C:\Users\Stefan\OneDrive - BRG Frauengasse\Dokumente\MyWorkStuff\ImageScale\_Bilder\20171127_111959.jpg
2017-12-05 16:56:16 INFO  ImageTask:48 - Kopie von: C:\Users\Stefan\OneDrive - BRG Frauengasse\Dokumente\MyWorkStuff\ImageScale\_Bilder\IMG_4333.JPG
2017-12-05 16:56:16 INFO  ImageTask:57 - Datei gelesen: C:\Users\Stefan\OneDrive - BRG Frauengasse\Dokumente\MyWorkStuff\ImageScale\_Bilder\IMG_4333.JPG
2017-12-05 16:56:16 INFO  ImageTask:48 - Kopie von: C:\Users\Stefan\OneDrive - BRG Frauengasse\Dokumente\MyWorkStuff\ImageScale\_Bilder\Kirchenkonzert2017_030.jpg
2017-12-05 16:56:16 INFO  ImageTask:61 - Umgerechnet zu JPG
2017-12-05 16:56:16 INFO  ImageTask:68 - 78235 Byte -> 78235 Byte
2017-12-05 16:56:16 INFO  ImageTask:48 - Kopie von: C:\Users\Stefan\OneDrive - BRG Frauengasse\Dokumente\MyWorkStuff\ImageScale\_Bilder\Kirchenkonzert2017_043.jpg
2017-12-05 16:56:16 INFO  ImageTask:48 - Kopie von: C:\Users\Stefan\OneDrive - BRG Frauengasse\Dokumente\MyWorkStuff\ImageScale\_Bilder\Kirchenkonzert2017_051.jpg
2017-12-05 16:56:16 INFO  ImageTask:48 - Kopie von: C:\Users\Stefan\OneDrive - BRG Frauengasse\Dokumente\MyWorkStuff\ImageScale\_Bilder\Kirchenkonzert2017_068.jpg
2017-12-05 16:56:16 INFO  ImageTask:57 - Datei gelesen: C:\Users\Stefan\OneDrive - BRG Frauengasse\Dokumente\MyWorkStuff\ImageScale\_Bilder\Kirchenkonzert2017_030.jpg
2017-12-05 16:56:16 INFO  ImageTask:57 - Datei gelesen: C:\Users\Stefan\OneDrive - BRG Frauengasse\Dokumente\MyWorkStuff\ImageScale\_Bilder\Kirchenkonzert2017_043.jpg
2017-12-05 16:56:17 INFO  ImageTask:57 - Datei gelesen: C:\Users\Stefan\OneDrive - BRG Frauengasse\Dokumente\MyWorkStuff\ImageScale\_Bilder\Kirchenkonzert2017_051.jpg
2017-12-05 16:56:17 INFO  ImageTask:61 - Umgerechnet zu JPG
2017-12-05 16:56:17 INFO  ImageTask:68 - 1503205 Byte -> 139611 Byte
2017-12-05 16:56:17 INFO  ImageTask:61 - Umgerechnet zu JPG
2017-12-05 16:56:17 INFO  ImageTask:68 - 1479013 Byte -> 132363 Byte
2017-12-05 16:56:17 INFO  ImageTask:61 - Umgerechnet zu JPG
2017-12-05 16:56:17 INFO  ImageTask:68 - 1388455 Byte -> 128008 Byte
2017-12-05 16:56:17 INFO  ImageTask:57 - Datei gelesen: C:\Users\Stefan\OneDrive - BRG Frauengasse\Dokumente\MyWorkStuff\ImageScale\_Bilder\Kirchenkonzert2017_068.jpg
2017-12-05 16:56:17 INFO  ImageTask:61 - Umgerechnet zu JPG
2017-12-05 16:56:17 INFO  ImageTask:68 - 1760236 Byte -> 148840 Byte
2017-12-05 16:56:18 INFO  ImageTask:57 - Datei gelesen: C:\Users\Stefan\OneDrive - BRG Frauengasse\Dokumente\MyWorkStuff\ImageScale\_Bilder\20171127_111959.jpg
2017-12-05 16:56:18 INFO  ImageTask:61 - Umgerechnet zu JPG
2017-12-05 16:56:18 INFO  ImageTask:68 - 2822483 Byte -> 90982 Byte
